{"/home/travis/build/npmtest/node-npmtest-nodejs-dashboard/test.js":{"path":"/home/travis/build/npmtest/node-npmtest-nodejs-dashboard/test.js","s":{"1":2,"2":2,"3":2,"4":2,"5":2,"6":2,"7":2,"8":1,"9":2,"10":2,"11":1,"12":1,"13":1,"14":1,"15":2,"16":2,"17":2,"18":2,"19":1,"20":1,"21":2,"22":2,"23":2,"24":1,"25":1,"26":1,"27":1,"28":1,"29":1,"30":1,"31":1,"32":1,"33":1,"34":1,"35":1,"36":1,"37":1,"38":1,"39":2,"40":2,"41":1,"42":2,"43":2,"44":1,"45":2,"46":2,"47":1,"48":2,"49":2,"50":1,"51":1,"52":1,"53":1,"54":1},"b":{"1":[2,1,1,1],"2":[1,1,1,1],"3":[1,1],"4":[1,1],"5":[1,1],"6":[1,1],"7":[1,1],"8":[1,1],"9":[1,1],"10":[1,1,1],"11":[1,1],"12":[1,1],"13":[1,1],"14":[1,1],"15":[1,1],"16":[1,1],"17":[1,1]},"f":{"1":2,"2":2,"3":2,"4":2,"5":2,"6":1,"7":1,"8":1,"9":2,"10":2,"11":2,"12":2,"13":1},"fnMap":{"1":{"name":"(anonymous_1)","line":12,"loc":{"start":{"line":12,"column":1},"end":{"line":12,"column":13}}},"2":{"name":"(anonymous_2)","line":19,"loc":{"start":{"line":19,"column":5},"end":{"line":19,"column":17}}},"3":{"name":"(anonymous_3)","line":23,"loc":{"start":{"line":23,"column":24},"end":{"line":23,"column":36}}},"4":{"name":"(anonymous_4)","line":61,"loc":{"start":{"line":61,"column":5},"end":{"line":61,"column":17}}},"5":{"name":"(anonymous_5)","line":82,"loc":{"start":{"line":82,"column":5},"end":{"line":82,"column":17}}},"6":{"name":"(anonymous_6)","line":91,"loc":{"start":{"line":91,"column":77},"end":{"line":94,"column":10}}},"7":{"name":"(anonymous_7)","line":112,"loc":{"start":{"line":112,"column":83},"end":{"line":115,"column":10}},"skip":true},"8":{"name":"(anonymous_8)","line":123,"loc":{"start":{"line":123,"column":77},"end":{"line":126,"column":10}},"skip":true},"9":{"name":"(anonymous_9)","line":139,"loc":{"start":{"line":139,"column":12},"end":{"line":139,"column":40}},"skip":true},"10":{"name":"(anonymous_10)","line":147,"loc":{"start":{"line":147,"column":77},"end":{"line":150,"column":10}},"skip":true},"11":{"name":"(anonymous_11)","line":158,"loc":{"start":{"line":158,"column":83},"end":{"line":161,"column":10}},"skip":true},"12":{"name":"(anonymous_12)","line":169,"loc":{"start":{"line":169,"column":79},"end":{"line":172,"column":10}},"skip":true},"13":{"name":"(anonymous_13)","line":180,"loc":{"start":{"line":180,"column":75},"end":{"line":183,"column":10}},"skip":true}},"statementMap":{"1":{"start":{"line":12,"column":0},"end":{"line":195,"column":5}},"2":{"start":{"line":14,"column":4},"end":{"line":14,"column":14}},"3":{"start":{"line":19,"column":4},"end":{"line":56,"column":9}},"4":{"start":{"line":21,"column":8},"end":{"line":21,"column":19}},"5":{"start":{"line":23,"column":8},"end":{"line":35,"column":13}},"6":{"start":{"line":24,"column":12},"end":{"line":34,"column":13}},"7":{"start":{"line":25,"column":16},"end":{"line":28,"column":30}},"8":{"start":{"line":30,"column":16},"end":{"line":33,"column":27}},"9":{"start":{"line":37,"column":8},"end":{"line":39,"column":21}},"10":{"start":{"line":40,"column":8},"end":{"line":53,"column":9}},"11":{"start":{"line":43,"column":12},"end":{"line":46,"column":14}},"12":{"start":{"line":47,"column":12},"end":{"line":47,"column":18}},"13":{"start":{"line":50,"column":12},"end":{"line":51,"column":33}},"14":{"start":{"line":52,"column":12},"end":{"line":52,"column":18}},"15":{"start":{"line":55,"column":8},"end":{"line":55,"column":35}},"16":{"start":{"line":61,"column":4},"end":{"line":63,"column":9}},"17":{"start":{"line":62,"column":8},"end":{"line":62,"column":15}},"18":{"start":{"line":64,"column":4},"end":{"line":77,"column":5}},"19":{"start":{"line":70,"column":8},"end":{"line":70,"column":14}},"20":{"start":{"line":76,"column":8},"end":{"line":76,"column":14}},"21":{"start":{"line":82,"column":4},"end":{"line":84,"column":9}},"22":{"start":{"line":83,"column":8},"end":{"line":83,"column":15}},"23":{"start":{"line":85,"column":4},"end":{"line":194,"column":5}},"24":{"start":{"line":91,"column":8},"end":{"line":99,"column":10}},"25":{"start":{"line":98,"column":12},"end":{"line":98,"column":35}},"26":{"start":{"line":102,"column":8},"end":{"line":104,"column":63}},"27":{"start":{"line":105,"column":8},"end":{"line":105,"column":14}},"28":{"start":{"line":112,"column":8},"end":{"line":121,"column":10},"skip":true},"29":{"start":{"line":119,"column":12},"end":{"line":119,"column":55},"skip":true},"30":{"start":{"line":120,"column":12},"end":{"line":120,"column":48},"skip":true},"31":{"start":{"line":123,"column":8},"end":{"line":136,"column":10},"skip":true},"32":{"start":{"line":130,"column":12},"end":{"line":130,"column":76},"skip":true},"33":{"start":{"line":131,"column":12},"end":{"line":131,"column":73},"skip":true},"34":{"start":{"line":132,"column":12},"end":{"line":132,"column":74},"skip":true},"35":{"start":{"line":133,"column":12},"end":{"line":133,"column":79},"skip":true},"36":{"start":{"line":134,"column":12},"end":{"line":134,"column":25},"skip":true},"37":{"start":{"line":135,"column":12},"end":{"line":135,"column":45},"skip":true},"38":{"start":{"line":138,"column":8},"end":{"line":145,"column":14},"skip":true},"39":{"start":{"line":143,"column":16},"end":{"line":143,"column":29},"skip":true},"40":{"start":{"line":144,"column":16},"end":{"line":144,"column":55},"skip":true},"41":{"start":{"line":147,"column":8},"end":{"line":156,"column":10},"skip":true},"42":{"start":{"line":154,"column":12},"end":{"line":154,"column":25},"skip":true},"43":{"start":{"line":155,"column":12},"end":{"line":155,"column":45},"skip":true},"44":{"start":{"line":158,"column":8},"end":{"line":167,"column":10},"skip":true},"45":{"start":{"line":165,"column":12},"end":{"line":165,"column":25},"skip":true},"46":{"start":{"line":166,"column":12},"end":{"line":166,"column":48},"skip":true},"47":{"start":{"line":169,"column":8},"end":{"line":178,"column":10},"skip":true},"48":{"start":{"line":176,"column":12},"end":{"line":176,"column":25},"skip":true},"49":{"start":{"line":177,"column":12},"end":{"line":177,"column":46},"skip":true},"50":{"start":{"line":180,"column":8},"end":{"line":189,"column":10},"skip":true},"51":{"start":{"line":187,"column":12},"end":{"line":187,"column":94},"skip":true},"52":{"start":{"line":188,"column":12},"end":{"line":188,"column":48},"skip":true},"53":{"start":{"line":192,"column":8},"end":{"line":192,"column":35},"skip":true},"54":{"start":{"line":193,"column":8},"end":{"line":193,"column":14},"skip":true}},"branchMap":{"1":{"line":25,"type":"binary-expr","locations":[{"start":{"line":25,"column":23},"end":{"line":25,"column":62}},{"start":{"line":26,"column":20},"end":{"line":26,"column":70}},{"start":{"line":27,"column":20},"end":{"line":27,"column":71}},{"start":{"line":28,"column":20},"end":{"line":28,"column":29}}]},"2":{"line":30,"type":"binary-expr","locations":[{"start":{"line":30,"column":23},"end":{"line":30,"column":37}},{"start":{"line":31,"column":20},"end":{"line":31,"column":61}},{"start":{"line":32,"column":20},"end":{"line":32,"column":70}},{"start":{"line":33,"column":20},"end":{"line":33,"column":26}}]},"3":{"line":37,"type":"cond-expr","locations":[{"start":{"line":38,"column":14},"end":{"line":38,"column":20}},{"start":{"line":39,"column":14},"end":{"line":39,"column":20}}]},"4":{"line":40,"type":"switch","locations":[{"start":{"line":42,"column":8},"end":{"line":47,"column":18}},{"start":{"line":49,"column":8},"end":{"line":52,"column":18}}]},"5":{"line":44,"type":"binary-expr","locations":[{"start":{"line":44,"column":16},"end":{"line":44,"column":44}},{"start":{"line":44,"column":48},"end":{"line":44,"column":66}}]},"6":{"line":50,"type":"binary-expr","locations":[{"start":{"line":50,"column":21},"end":{"line":50,"column":49}},{"start":{"line":50,"column":53},"end":{"line":50,"column":72}}]},"7":{"line":64,"type":"switch","locations":[{"start":{"line":69,"column":4},"end":{"line":70,"column":14}},{"start":{"line":75,"column":4},"end":{"line":76,"column":14}}]},"8":{"line":85,"type":"switch","locations":[{"start":{"line":90,"column":4},"end":{"line":105,"column":14}},{"start":{"line":111,"column":4},"end":{"line":193,"column":14},"skip":true}]},"9":{"line":91,"type":"binary-expr","locations":[{"start":{"line":91,"column":42},"end":{"line":91,"column":73}},{"start":{"line":91,"column":77},"end":{"line":99,"column":9}}]},"10":{"line":102,"type":"binary-expr","locations":[{"start":{"line":102,"column":18},"end":{"line":102,"column":32}},{"start":{"line":103,"column":12},"end":{"line":103,"column":53}},{"start":{"line":104,"column":12},"end":{"line":104,"column":61}}]},"11":{"line":112,"type":"binary-expr","locations":[{"start":{"line":112,"column":45},"end":{"line":112,"column":79},"skip":true},{"start":{"line":112,"column":83},"end":{"line":121,"column":9},"skip":true}]},"12":{"line":123,"type":"binary-expr","locations":[{"start":{"line":123,"column":42},"end":{"line":123,"column":73},"skip":true},{"start":{"line":123,"column":77},"end":{"line":136,"column":9},"skip":true}]},"13":{"line":138,"type":"binary-expr","locations":[{"start":{"line":138,"column":48},"end":{"line":138,"column":85},"skip":true},{"start":{"line":139,"column":12},"end":{"line":145,"column":13},"skip":true}]},"14":{"line":147,"type":"binary-expr","locations":[{"start":{"line":147,"column":42},"end":{"line":147,"column":73},"skip":true},{"start":{"line":147,"column":77},"end":{"line":156,"column":9},"skip":true}]},"15":{"line":158,"type":"binary-expr","locations":[{"start":{"line":158,"column":45},"end":{"line":158,"column":79},"skip":true},{"start":{"line":158,"column":83},"end":{"line":167,"column":9},"skip":true}]},"16":{"line":169,"type":"binary-expr","locations":[{"start":{"line":169,"column":43},"end":{"line":169,"column":75},"skip":true},{"start":{"line":169,"column":79},"end":{"line":178,"column":9},"skip":true}]},"17":{"line":180,"type":"binary-expr","locations":[{"start":{"line":180,"column":41},"end":{"line":180,"column":71},"skip":true},{"start":{"line":180,"column":75},"end":{"line":189,"column":9},"skip":true}]}},"code":["/* istanbul instrument in package npmtest_nodejs_dashboard */","/*jslint","    bitwise: true,","    browser: true,","    maxerr: 8,","    maxlen: 96,","    node: true,","    nomen: true,","    regexp: true,","    stupid: true","*/","(function () {","    'use strict';","    var local;","","","","    // run shared js-env code - init-before","    (function () {","        // init local","        local = {};","        // init modeJs","        local.modeJs = (function () {","            try {","                return typeof navigator.userAgent === 'string' &&","                    typeof document.querySelector('body') === 'object' &&","                    typeof XMLHttpRequest.prototype.open === 'function' &&","                    'browser';","            } catch (errorCaughtBrowser) {","                return module.exports &&","                    typeof process.versions.node === 'string' &&","                    typeof require('http').createServer === 'function' &&","                    'node';","            }","        }());","        // init global","        local.global = local.modeJs === 'browser'","            ? window","            : global;","        switch (local.modeJs) {","        // re-init local from window.local","        case 'browser':","            local = local.global.utility2.objectSetDefault(","                local.global.utility2_rollup || local.global.local,","                local.global.utility2","            );","            break;","        // re-init local from example.js","        case 'node':","            local = (local.global.utility2_rollup || require('utility2'))","                .requireReadme();","            break;","        }","        // export local","        local.global.local = local;","    }());","","","","    // run shared js-env code - function","    (function () {","        return;","    }());","    switch (local.modeJs) {","","","","    // run browser js-env code - function","    case 'browser':","        break;","","","","    // run node js-env code - function","    case 'node':","        break;","    }","","","","    // run shared js-env code - init-after","    (function () {","        return;","    }());","    switch (local.modeJs) {","","","","    // run browser js-env code - init-after","    case 'browser':","        local.testCase_browser_nullCase = local.testCase_browser_nullCase || function (","            options,","            onError","        ) {","        /*","         * this function will test browsers's null-case handling-behavior-behavior","         */","            onError(null, options);","        };","","        // run tests","        local.nop(local.modeTest &&","            document.querySelector('#testRunButton1') &&","            document.querySelector('#testRunButton1').click());","        break;","","","","    // run node js-env code - init-after","    /* istanbul ignore next */","    case 'node':","        local.testCase_buildApidoc_default = local.testCase_buildApidoc_default || function (","            options,","            onError","        ) {","        /*","         * this function will test buildApidoc's default handling-behavior-behavior","         */","            options = { modulePathList: module.paths };","            local.buildApidoc(options, onError);","        };","","        local.testCase_buildApp_default = local.testCase_buildApp_default || function (","            options,","            onError","        ) {","        /*","         * this function will test buildApp's default handling-behavior-behavior","         */","            local.testCase_buildReadme_default(options, local.onErrorThrow);","            local.testCase_buildLib_default(options, local.onErrorThrow);","            local.testCase_buildTest_default(options, local.onErrorThrow);","            local.testCase_buildCustomOrg_default(options, local.onErrorThrow);","            options = [];","            local.buildApp(options, onError);","        };","","        local.testCase_buildCustomOrg_default = local.testCase_buildCustomOrg_default ||","            function (options, onError) {","            /*","             * this function will test buildCustomOrg's default handling-behavior","             */","                options = {};","                local.buildCustomOrg(options, onError);","            };","","        local.testCase_buildLib_default = local.testCase_buildLib_default || function (","            options,","            onError","        ) {","        /*","         * this function will test buildLib's default handling-behavior","         */","            options = {};","            local.buildLib(options, onError);","        };","","        local.testCase_buildReadme_default = local.testCase_buildReadme_default || function (","            options,","            onError","        ) {","        /*","         * this function will test buildReadme's default handling-behavior-behavior","         */","            options = {};","            local.buildReadme(options, onError);","        };","","        local.testCase_buildTest_default = local.testCase_buildTest_default || function (","            options,","            onError","        ) {","        /*","         * this function will test buildTest's default handling-behavior","         */","            options = {};","            local.buildTest(options, onError);","        };","","        local.testCase_webpage_default = local.testCase_webpage_default || function (","            options,","            onError","        ) {","        /*","         * this function will test webpage's default handling-behavior","         */","            options = { modeCoverageMerge: true, url: local.serverLocalHost + '?modeTest=1' };","            local.browserTest(options, onError);","        };","","        // run test-server","        local.testRunServer(local);","        break;","    }","}());",""],"l":{"12":2,"14":2,"19":2,"21":2,"23":2,"24":2,"25":2,"30":1,"37":2,"40":2,"43":1,"47":1,"50":1,"52":1,"55":2,"61":2,"62":2,"64":2,"70":1,"76":1,"82":2,"83":2,"85":2,"91":1,"98":1,"102":1,"105":1,"112":1,"119":1,"120":1,"123":1,"130":1,"131":1,"132":1,"133":1,"134":1,"135":1,"138":1,"143":2,"144":2,"147":1,"154":2,"155":2,"158":1,"165":2,"166":2,"169":1,"176":2,"177":2,"180":1,"187":1,"188":1,"192":1,"193":1}},"/home/travis/build/npmtest/node-npmtest-nodejs-dashboard/lib.npmtest_nodejs_dashboard.js":{"path":"/home/travis/build/npmtest/node-npmtest-nodejs-dashboard/lib.npmtest_nodejs_dashboard.js","s":{"1":2,"2":2,"3":2,"4":2,"5":2,"6":2,"7":2,"8":1,"9":2,"10":2,"11":2,"12":2,"13":1,"14":1,"15":1,"16":1},"b":{"1":[2,1,1,1],"2":[1,1,1,1],"3":[1,1],"4":[2,2],"5":[1,1]},"f":{"1":2,"2":2,"3":2},"fnMap":{"1":{"name":"(anonymous_1)","line":12,"loc":{"start":{"line":12,"column":1},"end":{"line":12,"column":13}}},"2":{"name":"(anonymous_2)","line":19,"loc":{"start":{"line":19,"column":5},"end":{"line":19,"column":17}}},"3":{"name":"(anonymous_3)","line":23,"loc":{"start":{"line":23,"column":24},"end":{"line":23,"column":36}}}},"statementMap":{"1":{"start":{"line":12,"column":0},"end":{"line":53,"column":5}},"2":{"start":{"line":14,"column":4},"end":{"line":14,"column":14}},"3":{"start":{"line":19,"column":4},"end":{"line":52,"column":9}},"4":{"start":{"line":21,"column":8},"end":{"line":21,"column":19}},"5":{"start":{"line":23,"column":8},"end":{"line":35,"column":13}},"6":{"start":{"line":24,"column":12},"end":{"line":34,"column":13}},"7":{"start":{"line":25,"column":16},"end":{"line":28,"column":30}},"8":{"start":{"line":30,"column":16},"end":{"line":33,"column":27}},"9":{"start":{"line":37,"column":8},"end":{"line":39,"column":21}},"10":{"start":{"line":41,"column":8},"end":{"line":41,"column":54}},"11":{"start":{"line":43,"column":8},"end":{"line":43,"column":61}},"12":{"start":{"line":45,"column":8},"end":{"line":51,"column":9}},"13":{"start":{"line":46,"column":12},"end":{"line":46,"column":67}},"14":{"start":{"line":48,"column":12},"end":{"line":48,"column":35}},"15":{"start":{"line":49,"column":12},"end":{"line":49,"column":49}},"16":{"start":{"line":50,"column":12},"end":{"line":50,"column":43}}},"branchMap":{"1":{"line":25,"type":"binary-expr","locations":[{"start":{"line":25,"column":23},"end":{"line":25,"column":62}},{"start":{"line":26,"column":20},"end":{"line":26,"column":70}},{"start":{"line":27,"column":20},"end":{"line":27,"column":71}},{"start":{"line":28,"column":20},"end":{"line":28,"column":29}}]},"2":{"line":30,"type":"binary-expr","locations":[{"start":{"line":30,"column":23},"end":{"line":30,"column":37}},{"start":{"line":31,"column":20},"end":{"line":31,"column":61}},{"start":{"line":32,"column":20},"end":{"line":32,"column":70}},{"start":{"line":33,"column":20},"end":{"line":33,"column":26}}]},"3":{"line":37,"type":"cond-expr","locations":[{"start":{"line":38,"column":14},"end":{"line":38,"column":20}},{"start":{"line":39,"column":14},"end":{"line":39,"column":20}}]},"4":{"line":41,"type":"binary-expr","locations":[{"start":{"line":41,"column":16},"end":{"line":41,"column":44}},{"start":{"line":41,"column":48},"end":{"line":41,"column":53}}]},"5":{"line":45,"type":"if","locations":[{"start":{"line":45,"column":8},"end":{"line":45,"column":8}},{"start":{"line":45,"column":8},"end":{"line":45,"column":8}}]}},"code":["/* istanbul instrument in package npmtest_nodejs_dashboard */","/*jslint","    bitwise: true,","    browser: true,","    maxerr: 8,","    maxlen: 96,","    node: true,","    nomen: true,","    regexp: true,","    stupid: true","*/","(function () {","    'use strict';","    var local;","","","","    // run shared js-env code - init-before","    (function () {","        // init local","        local = {};","        // init modeJs","        local.modeJs = (function () {","            try {","                return typeof navigator.userAgent === 'string' &&","                    typeof document.querySelector('body') === 'object' &&","                    typeof XMLHttpRequest.prototype.open === 'function' &&","                    'browser';","            } catch (errorCaughtBrowser) {","                return module.exports &&","                    typeof process.versions.node === 'string' &&","                    typeof require('http').createServer === 'function' &&","                    'node';","            }","        }());","        // init global","        local.global = local.modeJs === 'browser'","            ? window","            : global;","        // init utility2_rollup","        local = local.global.utility2_rollup || local;","        // init lib","        local.local = local.npmtest_nodejs_dashboard = local;","        // init exports","        if (local.modeJs === 'browser') {","            local.global.utility2_npmtest_nodejs_dashboard = local;","        } else {","            module.exports = local;","            module.exports.__dirname = __dirname;","            module.exports.module = module;","        }","    }());","}());",""],"l":{"12":2,"14":2,"19":2,"21":2,"23":2,"24":2,"25":2,"30":1,"37":2,"41":2,"43":2,"45":2,"46":1,"48":1,"49":1,"50":1}},"/home/travis/build/npmtest/node-npmtest-nodejs-dashboard/example.js":{"path":"/home/travis/build/npmtest/node-npmtest-nodejs-dashboard/example.js","s":{"1":2,"2":2,"3":2,"4":2,"5":2,"6":2,"7":2,"8":1,"9":2,"10":2,"11":2,"12":2,"13":1,"14":2,"15":2,"16":2,"17":2,"18":2,"19":0,"20":2,"21":1,"22":1,"23":1,"24":1,"25":1,"26":0,"27":0,"28":1,"29":1,"30":2,"31":0,"32":0,"33":0,"34":1,"35":2,"36":2,"37":3,"38":3,"39":3,"40":3,"41":0,"42":3,"43":3,"44":3,"45":1,"46":3,"47":1,"48":1,"49":1,"50":1,"51":1,"52":1,"53":1,"54":1,"55":1,"56":1,"57":0,"58":1,"59":6,"60":6,"61":1,"62":2,"63":0,"64":2,"65":1,"66":1,"67":0,"68":0,"69":0,"70":0,"71":0,"72":0,"73":0,"74":0,"75":0,"76":0,"77":0,"78":0,"79":0,"80":0,"81":0,"82":0,"83":0},"b":{"1":[2,1,1,1],"2":[1,1,1,1],"3":[1,1],"4":[2,2],"5":[1,1],"6":[1,1],"7":[2,0],"8":[2,1,1,1,1,1],"9":[0,2,0],"10":[1,1],"11":[2,1,1],"12":[1,0],"13":[0,2],"14":[2,0,0,0,0,0,0],"15":[0,3],"16":[3,0],"17":[1,1],"18":[0,1],"19":[1,2,0,2],"20":[1,0],"21":[1,1],"22":[0,0],"23":[0,0],"24":[0,0],"25":[0,0],"26":[0,0],"27":[0,0],"28":[0,0]},"f":{"1":2,"2":2,"3":2,"4":2,"5":2,"6":2,"7":3,"8":3,"9":3,"10":1,"11":6,"12":0},"fnMap":{"1":{"name":"(anonymous_1)","line":26,"loc":{"start":{"line":26,"column":1},"end":{"line":26,"column":13}}},"2":{"name":"(anonymous_2)","line":33,"loc":{"start":{"line":33,"column":5},"end":{"line":33,"column":17}}},"3":{"name":"(anonymous_3)","line":37,"loc":{"start":{"line":37,"column":24},"end":{"line":37,"column":36}}},"4":{"name":"(anonymous_4)","line":69,"loc":{"start":{"line":69,"column":31},"end":{"line":69,"column":48}},"skip":true},"5":{"name":"(anonymous_5)","line":78,"loc":{"start":{"line":78,"column":26},"end":{"line":78,"column":45}},"skip":true},"6":{"name":"(anonymous_6)","line":123,"loc":{"start":{"line":123,"column":33},"end":{"line":123,"column":48}},"skip":true},"7":{"name":"(anonymous_7)","line":125,"loc":{"start":{"line":125,"column":27},"end":{"line":125,"column":39}},"skip":true},"8":{"name":"(anonymous_8)","line":133,"loc":{"start":{"line":133,"column":59},"end":{"line":133,"column":74}},"skip":true},"9":{"name":"(anonymous_9)","line":143,"loc":{"start":{"line":143,"column":45},"end":{"line":143,"column":62}},"skip":true},"10":{"name":"(anonymous_10)","line":144,"loc":{"start":{"line":144,"column":73},"end":{"line":144,"column":92}},"skip":true},"11":{"name":"(anonymous_11)","line":272,"loc":{"start":{"line":272,"column":51},"end":{"line":272,"column":77}},"skip":true},"12":{"name":"(anonymous_12)","line":315,"loc":{"start":{"line":315,"column":32},"end":{"line":315,"column":61}},"skip":true}},"statementMap":{"1":{"start":{"line":26,"column":0},"end":{"line":326,"column":5}},"2":{"start":{"line":28,"column":4},"end":{"line":28,"column":14}},"3":{"start":{"line":33,"column":4},"end":{"line":60,"column":9}},"4":{"start":{"line":35,"column":8},"end":{"line":35,"column":19}},"5":{"start":{"line":37,"column":8},"end":{"line":49,"column":13}},"6":{"start":{"line":38,"column":12},"end":{"line":48,"column":13}},"7":{"start":{"line":39,"column":16},"end":{"line":42,"column":30}},"8":{"start":{"line":44,"column":16},"end":{"line":47,"column":27}},"9":{"start":{"line":51,"column":8},"end":{"line":53,"column":21}},"10":{"start":{"line":55,"column":8},"end":{"line":57,"column":45}},"11":{"start":{"line":59,"column":8},"end":{"line":59,"column":35}},"12":{"start":{"line":61,"column":4},"end":{"line":325,"column":5}},"13":{"start":{"line":69,"column":8},"end":{"line":121,"column":10},"skip":true},"14":{"start":{"line":70,"column":12},"end":{"line":88,"column":13},"skip":true},"15":{"start":{"line":76,"column":16},"end":{"line":87,"column":19},"skip":true},"16":{"start":{"line":79,"column":20},"end":{"line":86,"column":21},"skip":true},"17":{"start":{"line":82,"column":24},"end":{"line":82,"column":43},"skip":true},"18":{"start":{"line":83,"column":24},"end":{"line":83,"column":30},"skip":true},"19":{"start":{"line":85,"column":24},"end":{"line":85,"column":49},"skip":true},"20":{"start":{"line":89,"column":12},"end":{"line":107,"column":13},"skip":true},"21":{"start":{"line":92,"column":16},"end":{"line":102,"column":17},"skip":true},"22":{"start":{"line":93,"column":20},"end":{"line":93,"column":86},"skip":true},"23":{"start":{"line":94,"column":20},"end":{"line":95,"column":45},"skip":true},"24":{"start":{"line":96,"column":20},"end":{"line":96,"column":42},"skip":true},"25":{"start":{"line":97,"column":20},"end":{"line":97,"column":48},"skip":true},"26":{"start":{"line":100,"column":20},"end":{"line":100,"column":85},"skip":true},"27":{"start":{"line":101,"column":20},"end":{"line":101,"column":96},"skip":true},"28":{"start":{"line":103,"column":16},"end":{"line":103,"column":22},"skip":true},"29":{"start":{"line":106,"column":16},"end":{"line":106,"column":22},"skip":true},"30":{"start":{"line":108,"column":12},"end":{"line":120,"column":13},"skip":true},"31":{"start":{"line":114,"column":16},"end":{"line":119,"column":17},"skip":true},"32":{"start":{"line":116,"column":20},"end":{"line":116,"column":78},"skip":true},"33":{"start":{"line":118,"column":20},"end":{"line":118,"column":47},"skip":true},"34":{"start":{"line":123,"column":8},"end":{"line":141,"column":11},"skip":true},"35":{"start":{"line":124,"column":12},"end":{"line":124,"column":54},"skip":true},"36":{"start":{"line":125,"column":12},"end":{"line":140,"column":14},"skip":true},"37":{"start":{"line":126,"column":16},"end":{"line":126,"column":28},"skip":true},"38":{"start":{"line":127,"column":16},"end":{"line":127,"column":69},"skip":true},"39":{"start":{"line":128,"column":16},"end":{"line":128,"column":75},"skip":true},"40":{"start":{"line":129,"column":16},"end":{"line":131,"column":17},"skip":true},"41":{"start":{"line":130,"column":20},"end":{"line":130,"column":27},"skip":true},"42":{"start":{"line":133,"column":16},"end":{"line":137,"column":36},"skip":true},"43":{"start":{"line":134,"column":20},"end":{"line":136,"column":55},"skip":true},"44":{"start":{"line":139,"column":16},"end":{"line":139,"column":57},"skip":true},"45":{"start":{"line":143,"column":8},"end":{"line":147,"column":11},"skip":true},"46":{"start":{"line":144,"column":12},"end":{"line":146,"column":15},"skip":true},"47":{"start":{"line":145,"column":16},"end":{"line":145,"column":70},"skip":true},"48":{"start":{"line":149,"column":8},"end":{"line":149,"column":31},"skip":true},"49":{"start":{"line":150,"column":8},"end":{"line":150,"column":14},"skip":true},"50":{"start":{"line":158,"column":8},"end":{"line":158,"column":31},"skip":true},"51":{"start":{"line":160,"column":8},"end":{"line":160,"column":33},"skip":true},"52":{"start":{"line":161,"column":8},"end":{"line":161,"column":37},"skip":true},"53":{"start":{"line":162,"column":8},"end":{"line":162,"column":35},"skip":true},"54":{"start":{"line":164,"column":8},"end":{"line":164,"column":50},"skip":true},"55":{"start":{"line":166,"column":8},"end":{"line":256,"column":2},"skip":true},"56":{"start":{"line":258,"column":8},"end":{"line":286,"column":9},"skip":true},"57":{"start":{"line":259,"column":12},"end":{"line":269,"column":14},"skip":true},"58":{"start":{"line":271,"column":12},"end":{"line":285,"column":19},"skip":true},"59":{"start":{"line":274,"column":20},"end":{"line":274,"column":35},"skip":true},"60":{"start":{"line":275,"column":20},"end":{"line":284,"column":21},"skip":true},"61":{"start":{"line":277,"column":24},"end":{"line":277,"column":64},"skip":true},"62":{"start":{"line":279,"column":24},"end":{"line":279,"column":40},"skip":true},"63":{"start":{"line":281,"column":24},"end":{"line":281,"column":40},"skip":true},"64":{"start":{"line":283,"column":24},"end":{"line":283,"column":39},"skip":true},"65":{"start":{"line":288,"column":8},"end":{"line":290,"column":9},"skip":true},"66":{"start":{"line":289,"column":12},"end":{"line":289,"column":18},"skip":true},"67":{"start":{"line":291,"column":8},"end":{"line":293,"column":54},"skip":true},"68":{"start":{"line":296,"column":8},"end":{"line":301,"column":37},"skip":true},"69":{"start":{"line":303,"column":8},"end":{"line":303,"column":82},"skip":true},"70":{"start":{"line":306,"column":8},"end":{"line":308,"column":9},"skip":true},"71":{"start":{"line":307,"column":12},"end":{"line":307,"column":82},"skip":true},"72":{"start":{"line":310,"column":8},"end":{"line":312,"column":9},"skip":true},"73":{"start":{"line":311,"column":12},"end":{"line":311,"column":18},"skip":true},"74":{"start":{"line":313,"column":8},"end":{"line":313,"column":54},"skip":true},"75":{"start":{"line":314,"column":8},"end":{"line":314,"column":69},"skip":true},"76":{"start":{"line":315,"column":8},"end":{"line":323,"column":36},"skip":true},"77":{"start":{"line":316,"column":12},"end":{"line":316,"column":61},"skip":true},"78":{"start":{"line":317,"column":12},"end":{"line":320,"column":13},"skip":true},"79":{"start":{"line":318,"column":16},"end":{"line":318,"column":75},"skip":true},"80":{"start":{"line":319,"column":16},"end":{"line":319,"column":23},"skip":true},"81":{"start":{"line":321,"column":12},"end":{"line":321,"column":38},"skip":true},"82":{"start":{"line":322,"column":12},"end":{"line":322,"column":27},"skip":true},"83":{"start":{"line":324,"column":8},"end":{"line":324,"column":14},"skip":true}},"branchMap":{"1":{"line":39,"type":"binary-expr","locations":[{"start":{"line":39,"column":23},"end":{"line":39,"column":62}},{"start":{"line":40,"column":20},"end":{"line":40,"column":70}},{"start":{"line":41,"column":20},"end":{"line":41,"column":71}},{"start":{"line":42,"column":20},"end":{"line":42,"column":29}}]},"2":{"line":44,"type":"binary-expr","locations":[{"start":{"line":44,"column":23},"end":{"line":44,"column":37}},{"start":{"line":45,"column":20},"end":{"line":45,"column":61}},{"start":{"line":46,"column":20},"end":{"line":46,"column":70}},{"start":{"line":47,"column":20},"end":{"line":47,"column":26}}]},"3":{"line":51,"type":"cond-expr","locations":[{"start":{"line":52,"column":14},"end":{"line":52,"column":20}},{"start":{"line":53,"column":14},"end":{"line":53,"column":20}}]},"4":{"line":55,"type":"binary-expr","locations":[{"start":{"line":55,"column":16},"end":{"line":55,"column":44}},{"start":{"line":55,"column":49},"end":{"line":57,"column":43}}]},"5":{"line":55,"type":"cond-expr","locations":[{"start":{"line":56,"column":14},"end":{"line":56,"column":60}},{"start":{"line":57,"column":14},"end":{"line":57,"column":43}}]},"6":{"line":61,"type":"switch","locations":[{"start":{"line":68,"column":4},"end":{"line":150,"column":14},"skip":true},{"start":{"line":156,"column":4},"end":{"line":324,"column":14},"skip":true}]},"7":{"line":70,"type":"if","locations":[{"start":{"line":70,"column":12},"end":{"line":70,"column":12},"skip":true},{"start":{"line":70,"column":12},"end":{"line":70,"column":12},"skip":true}]},"8":{"line":70,"type":"binary-expr","locations":[{"start":{"line":70,"column":16},"end":{"line":70,"column":22},"skip":true},{"start":{"line":70,"column":27},"end":{"line":70,"column":32},"skip":true},{"start":{"line":71,"column":20},"end":{"line":71,"column":39},"skip":true},{"start":{"line":72,"column":20},"end":{"line":72,"column":49},"skip":true},{"start":{"line":73,"column":20},"end":{"line":73,"column":58},"skip":true},{"start":{"line":74,"column":20},"end":{"line":74,"column":69},"skip":true}]},"9":{"line":79,"type":"switch","locations":[{"start":{"line":80,"column":20},"end":{"line":80,"column":33},"skip":true},{"start":{"line":81,"column":20},"end":{"line":83,"column":30},"skip":true},{"start":{"line":84,"column":20},"end":{"line":85,"column":49},"skip":true}]},"10":{"line":89,"type":"switch","locations":[{"start":{"line":90,"column":12},"end":{"line":103,"column":22},"skip":true},{"start":{"line":105,"column":12},"end":{"line":106,"column":22},"skip":true}]},"11":{"line":89,"type":"binary-expr","locations":[{"start":{"line":89,"column":20},"end":{"line":89,"column":25},"skip":true},{"start":{"line":89,"column":29},"end":{"line":89,"column":48},"skip":true},{"start":{"line":89,"column":52},"end":{"line":89,"column":74},"skip":true}]},"12":{"line":92,"type":"if","locations":[{"start":{"line":92,"column":16},"end":{"line":92,"column":16},"skip":true},{"start":{"line":92,"column":16},"end":{"line":92,"column":16},"skip":true}]},"13":{"line":108,"type":"if","locations":[{"start":{"line":108,"column":12},"end":{"line":108,"column":12},"skip":true},{"start":{"line":108,"column":12},"end":{"line":108,"column":12},"skip":true}]},"14":{"line":108,"type":"binary-expr","locations":[{"start":{"line":108,"column":16},"end":{"line":108,"column":61},"skip":true},{"start":{"line":108,"column":66},"end":{"line":108,"column":72},"skip":true},{"start":{"line":108,"column":77},"end":{"line":108,"column":82},"skip":true},{"start":{"line":109,"column":20},"end":{"line":109,"column":39},"skip":true},{"start":{"line":110,"column":20},"end":{"line":110,"column":49},"skip":true},{"start":{"line":111,"column":20},"end":{"line":111,"column":58},"skip":true},{"start":{"line":112,"column":20},"end":{"line":112,"column":68},"skip":true}]},"15":{"line":129,"type":"if","locations":[{"start":{"line":129,"column":16},"end":{"line":129,"column":16},"skip":true},{"start":{"line":129,"column":16},"end":{"line":129,"column":16},"skip":true}]},"16":{"line":134,"type":"cond-expr","locations":[{"start":{"line":135,"column":26},"end":{"line":135,"column":29},"skip":true},{"start":{"line":136,"column":26},"end":{"line":136,"column":54},"skip":true}]},"17":{"line":164,"type":"binary-expr","locations":[{"start":{"line":164,"column":27},"end":{"line":164,"column":43},"skip":true},{"start":{"line":164,"column":47},"end":{"line":164,"column":49},"skip":true}]},"18":{"line":258,"type":"if","locations":[{"start":{"line":258,"column":8},"end":{"line":258,"column":8},"skip":true},{"start":{"line":258,"column":8},"end":{"line":258,"column":8},"skip":true}]},"19":{"line":275,"type":"switch","locations":[{"start":{"line":276,"column":20},"end":{"line":277,"column":64},"skip":true},{"start":{"line":278,"column":20},"end":{"line":279,"column":40},"skip":true},{"start":{"line":280,"column":20},"end":{"line":281,"column":40},"skip":true},{"start":{"line":282,"column":20},"end":{"line":283,"column":39},"skip":true}]},"20":{"line":288,"type":"if","locations":[{"start":{"line":288,"column":8},"end":{"line":288,"column":8},"skip":true},{"start":{"line":288,"column":8},"end":{"line":288,"column":8},"skip":true}]},"21":{"line":288,"type":"binary-expr","locations":[{"start":{"line":288,"column":12},"end":{"line":288,"column":40},"skip":true},{"start":{"line":288,"column":44},"end":{"line":288,"column":67},"skip":true}]},"22":{"line":292,"type":"binary-expr","locations":[{"start":{"line":292,"column":12},"end":{"line":292,"column":50},"skip":true},{"start":{"line":293,"column":12},"end":{"line":293,"column":53},"skip":true}]},"23":{"line":297,"type":"binary-expr","locations":[{"start":{"line":297,"column":12},"end":{"line":297,"column":74},"skip":true},{"start":{"line":298,"column":12},"end":{"line":301,"column":36},"skip":true}]},"24":{"line":303,"type":"binary-expr","locations":[{"start":{"line":303,"column":43},"end":{"line":303,"column":75},"skip":true},{"start":{"line":303,"column":79},"end":{"line":303,"column":81},"skip":true}]},"25":{"line":306,"type":"if","locations":[{"start":{"line":306,"column":8},"end":{"line":306,"column":8},"skip":true},{"start":{"line":306,"column":8},"end":{"line":306,"column":8},"skip":true}]},"26":{"line":310,"type":"if","locations":[{"start":{"line":310,"column":8},"end":{"line":310,"column":8},"skip":true},{"start":{"line":310,"column":8},"end":{"line":310,"column":8},"skip":true}]},"27":{"line":313,"type":"binary-expr","locations":[{"start":{"line":313,"column":27},"end":{"line":313,"column":43},"skip":true},{"start":{"line":313,"column":47},"end":{"line":313,"column":53},"skip":true}]},"28":{"line":317,"type":"if","locations":[{"start":{"line":317,"column":12},"end":{"line":317,"column":12},"skip":true},{"start":{"line":317,"column":12},"end":{"line":317,"column":12},"skip":true}]}},"code":["/*","example.js","","quickstart example","","instruction","    1. save this script as example.js","    2. run the shell command:","        $ npm install npmtest-nodejs-dashboard && PORT=8081 node example.js","    3. play with the browser-demo on http://127.0.0.1:8081","*/","","","","/* istanbul instrument in package npmtest_nodejs_dashboard */","/*jslint","    bitwise: true,","    browser: true,","    maxerr: 8,","    maxlen: 96,","    node: true,","    nomen: true,","    regexp: true,","    stupid: true","*/","(function () {","    'use strict';","    var local;","","","","    // run shared js-env code - init-before","    (function () {","        // init local","        local = {};","        // init modeJs","        local.modeJs = (function () {","            try {","                return typeof navigator.userAgent === 'string' &&","                    typeof document.querySelector('body') === 'object' &&","                    typeof XMLHttpRequest.prototype.open === 'function' &&","                    'browser';","            } catch (errorCaughtBrowser) {","                return module.exports &&","                    typeof process.versions.node === 'string' &&","                    typeof require('http').createServer === 'function' &&","                    'node';","            }","        }());","        // init global","        local.global = local.modeJs === 'browser'","            ? window","            : global;","        // init utility2_rollup","        local = local.global.utility2_rollup || (local.modeJs === 'browser'","            ? local.global.utility2_npmtest_nodejs_dashboard","            : global.utility2_moduleExports);","        // export local","        local.global.local = local;","    }());","    switch (local.modeJs) {","","","","    // init-after","    // run browser js-env code - init-after","    /* istanbul ignore next */","    case 'browser':","        local.testRunBrowser = function (event) {","            if (!event || (event &&","                    event.currentTarget &&","                    event.currentTarget.className &&","                    event.currentTarget.className.includes &&","                    event.currentTarget.className.includes('onreset'))) {","                // reset output","                Array.from(","                    document.querySelectorAll('body > .resettable')","                ).forEach(function (element) {","                    switch (element.tagName) {","                    case 'INPUT':","                    case 'TEXTAREA':","                        element.value = '';","                        break;","                    default:","                        element.textContent = '';","                    }","                });","            }","            switch (event && event.currentTarget && event.currentTarget.id) {","            case 'testRunButton1':","                // show tests","                if (document.querySelector('#testReportDiv1').style.display === 'none') {","                    document.querySelector('#testReportDiv1').style.display = 'block';","                    document.querySelector('#testRunButton1').textContent =","                        'hide internal test';","                    local.modeTest = true;","                    local.testRunDefault(local);","                // hide tests","                } else {","                    document.querySelector('#testReportDiv1').style.display = 'none';","                    document.querySelector('#testRunButton1').textContent = 'run internal test';","                }","                break;","            // custom-case","            default:","                break;","            }","            if (document.querySelector('#inputTextareaEval1') && (!event || (event &&","                    event.currentTarget &&","                    event.currentTarget.className &&","                    event.currentTarget.className.includes &&","                    event.currentTarget.className.includes('oneval')))) {","                // try to eval input-code","                try {","                    /*jslint evil: true*/","                    eval(document.querySelector('#inputTextareaEval1').value);","                } catch (errorCaught) {","                    console.error(errorCaught);","                }","            }","        };","        // log stderr and stdout to #outputTextareaStdout1","        ['error', 'log'].forEach(function (key) {","            console[key + '_original'] = console[key];","            console[key] = function () {","                var element;","                console[key + '_original'].apply(console, arguments);","                element = document.querySelector('#outputTextareaStdout1');","                if (!element) {","                    return;","                }","                // append text to #outputTextareaStdout1","                element.value += Array.from(arguments).map(function (arg) {","                    return typeof arg === 'string'","                        ? arg","                        : JSON.stringify(arg, null, 4);","                }).join(' ') + '\\n';","                // scroll textarea to bottom","                element.scrollTop = element.scrollHeight;","            };","        });","        // init event-handling","        ['change', 'click', 'keyup'].forEach(function (event) {","            Array.from(document.querySelectorAll('.on' + event)).forEach(function (element) {","                element.addEventListener(event, local.testRunBrowser);","            });","        });","        // run tests","        local.testRunBrowser();","        break;","","","","    // run node js-env code - init-after","    /* istanbul ignore next */","    case 'node':","        // export local","        module.exports = local;","        // require modules","        local.fs = require('fs');","        local.http = require('http');","        local.url = require('url');","        // init assets","        local.assetsDict = local.assetsDict || {};","        /* jslint-ignore-begin */","        local.assetsDict['/assets.index.template.html'] = '\\","<!doctype html>\\n\\","<html lang=\"en\">\\n\\","<head>\\n\\","<meta charset=\"UTF-8\">\\n\\","<meta name=\"viewport\" content=\"width=device-width, initial-scale=1\">\\n\\","<title>{{env.npm_package_name}} (v{{env.npm_package_version}})</title>\\n\\","<style>\\n\\","/*csslint\\n\\","    box-sizing: false,\\n\\","    universal-selector: false\\n\\","*/\\n\\","* {\\n\\","    box-sizing: border-box;\\n\\","}\\n\\","body {\\n\\","    background: #dde;\\n\\","    font-family: Arial, Helvetica, sans-serif;\\n\\","    margin: 2rem;\\n\\","}\\n\\","body > * {\\n\\","    margin-bottom: 1rem;\\n\\","}\\n\\",".utility2FooterDiv {\\n\\","    margin-top: 20px;\\n\\","    text-align: center;\\n\\","}\\n\\","</style>\\n\\","<style>\\n\\","/*csslint\\n\\","*/\\n\\","textarea {\\n\\","    font-family: monospace;\\n\\","    height: 10rem;\\n\\","    width: 100%;\\n\\","}\\n\\","textarea[readonly] {\\n\\","    background: #ddd;\\n\\","}\\n\\","</style>\\n\\","</head>\\n\\","<body>\\n\\","<!-- utility2-comment\\n\\","<div id=\"ajaxProgressDiv1\" style=\"background: #d00; height: 2px; left: 0; margin: 0; padding: 0; position: fixed; top: 0; transition: background 0.5s, width 1.5s; width: 25%;\"></div>\\n\\","utility2-comment -->\\n\\","<h1>\\n\\","<!-- utility2-comment\\n\\","    <a\\n\\","        {{#if env.npm_package_homepage}}\\n\\","        href=\"{{env.npm_package_homepage}}\"\\n\\","        {{/if env.npm_package_homepage}}\\n\\","        target=\"_blank\"\\n\\","    >\\n\\","utility2-comment -->\\n\\","        {{env.npm_package_name}} (v{{env.npm_package_version}})\\n\\","<!-- utility2-comment\\n\\","    </a>\\n\\","utility2-comment -->\\n\\","</h1>\\n\\","<h3>{{env.npm_package_description}}</h3>\\n\\","<!-- utility2-comment\\n\\","<h4><a download href=\"assets.app.js\">download standalone app</a></h4>\\n\\","<button class=\"onclick onreset\" id=\"testRunButton1\">run internal test</button><br>\\n\\","<div id=\"testReportDiv1\" style=\"display: none;\"></div>\\n\\","utility2-comment -->\\n\\","\\n\\","\\n\\","\\n\\","<label>stderr and stdout</label>\\n\\","<textarea class=\"resettable\" id=\"outputTextareaStdout1\" readonly></textarea>\\n\\","<!-- utility2-comment\\n\\","{{#if isRollup}}\\n\\","<script src=\"assets.app.js\"></script>\\n\\","{{#unless isRollup}}\\n\\","utility2-comment -->\\n\\","<script src=\"assets.utility2.rollup.js\"></script>\\n\\","<script src=\"jsonp.utility2._stateInit?callback=window.utility2._stateInit\"></script>\\n\\","<script src=\"assets.npmtest_nodejs_dashboard.rollup.js\"></script>\\n\\","<script src=\"assets.example.js\"></script>\\n\\","<script src=\"assets.test.js\"></script>\\n\\","<!-- utility2-comment\\n\\","{{/if isRollup}}\\n\\","utility2-comment -->\\n\\","<div class=\"utility2FooterDiv\">\\n\\","    [ this app was created with\\n\\","    <a href=\"https://github.com/kaizhu256/node-utility2\" target=\"_blank\">utility2</a>\\n\\","    ]\\n\\","</div>\\n\\","</body>\\n\\","</html>\\n\\","';","        /* jslint-ignore-end */","        if (local.templateRender) {","            local.assetsDict['/'] = local.templateRender(","                local.assetsDict['/assets.index.template.html'],","                {","                    env: local.objectSetDefault(local.env, {","                        npm_package_description: 'the greatest app in the world!',","                        npm_package_name: 'my-app',","                        npm_package_nameAlias: 'my_app',","                        npm_package_version: '0.0.1'","                    })","                }","            );","        } else {","            local.assetsDict['/'] = local.assetsDict['/assets.index.template.html']","                .replace((/\\{\\{env\\.(\\w+?)\\}\\}/g), function (match0, match1) {","                    // jslint-hack","                    String(match0);","                    switch (match1) {","                    case 'npm_package_description':","                        return 'the greatest app in the world!';","                    case 'npm_package_name':","                        return 'my-app';","                    case 'npm_package_nameAlias':","                        return 'my_app';","                    case 'npm_package_version':","                        return '0.0.1';","                    }","                });","        }","        // run the cli","        if (local.global.utility2_rollup || module !== require.main) {","            break;","        }","        local.assetsDict['/assets.example.js'] =","            local.assetsDict['/assets.example.js'] ||","            local.fs.readFileSync(__filename, 'utf8');","        // bug-workaround - long $npm_package_buildCustomOrg","        /* jslint-ignore-begin */","        local.assetsDict['/assets.npmtest_nodejs_dashboard.rollup.js'] =","            local.assetsDict['/assets.npmtest_nodejs_dashboard.rollup.js'] ||","            local.fs.readFileSync(","                local.npmtest_nodejs_dashboard.__dirname + '/lib.npmtest_nodejs_dashboard.js',","                'utf8'","            ).replace((/^#!/), '//');","        /* jslint-ignore-end */","        local.assetsDict['/favicon.ico'] = local.assetsDict['/favicon.ico'] || '';","        // if $npm_config_timeout_exit exists,","        // then exit this process after $npm_config_timeout_exit ms","        if (Number(process.env.npm_config_timeout_exit)) {","            setTimeout(process.exit, Number(process.env.npm_config_timeout_exit));","        }","        // start server","        if (local.global.utility2_serverHttp1) {","            break;","        }","        process.env.PORT = process.env.PORT || '8081';","        console.error('server starting on port ' + process.env.PORT);","        local.http.createServer(function (request, response) {","            request.urlParsed = local.url.parse(request.url);","            if (local.assetsDict[request.urlParsed.pathname] !== undefined) {","                response.end(local.assetsDict[request.urlParsed.pathname]);","                return;","            }","            response.statusCode = 404;","            response.end();","        }).listen(process.env.PORT);","        break;","    }","}());",""],"l":{"26":2,"28":2,"33":2,"35":2,"37":2,"38":2,"39":2,"44":1,"51":2,"55":2,"59":2,"61":2,"69":1,"70":2,"76":2,"79":2,"82":2,"83":2,"85":1,"89":2,"92":1,"93":1,"94":1,"96":1,"97":1,"100":1,"101":1,"103":1,"106":1,"108":2,"114":1,"116":1,"118":1,"123":1,"124":2,"125":2,"126":3,"127":3,"128":3,"129":3,"130":1,"133":3,"134":3,"139":3,"143":1,"144":3,"145":1,"149":1,"150":1,"158":1,"160":1,"161":1,"162":1,"164":1,"166":1,"258":1,"259":1,"271":1,"274":6,"275":6,"277":1,"279":2,"281":1,"283":2,"288":1,"289":1,"291":1,"296":1,"303":1,"306":1,"307":1,"310":1,"311":1,"313":1,"314":1,"315":1,"316":1,"317":1,"318":1,"319":1,"321":1,"322":1,"324":1}},"/home/travis/build/npmtest/node-npmtest-nodejs-dashboard/node_modules/nodejs-dashboard/index.js":{"path":"/home/travis/build/npmtest/node-npmtest-nodejs-dashboard/node_modules/nodejs-dashboard/index.js","s":{"1":1,"2":1},"b":{},"f":{},"fnMap":{},"statementMap":{"1":{"start":{"line":2,"column":0},"end":{"line":2,"column":54}},"2":{"start":{"line":4,"column":0},"end":{"line":4,"column":34}}},"branchMap":{},"code":["\"use strict\";","var dashboardAgent = require(\"./lib/dashboard-agent\");","","module.exports = dashboardAgent();",""],"l":{"2":1,"4":1}},"/home/travis/build/npmtest/node-npmtest-nodejs-dashboard/node_modules/nodejs-dashboard/lib/dashboard-agent.js":{"path":"/home/travis/build/npmtest/node-npmtest-nodejs-dashboard/node_modules/nodejs-dashboard/lib/dashboard-agent.js","s":{"1":1,"2":1,"3":1,"4":1,"5":1,"6":1,"7":1,"8":1,"9":1,"10":1,"11":1,"12":1,"13":0,"14":0,"15":1,"16":0,"17":0,"18":0,"19":0,"20":0,"21":0,"22":1,"23":0,"24":1,"25":0,"26":0,"27":0,"28":0,"29":0,"30":0,"31":0,"32":0,"33":1,"34":1,"35":0,"36":0,"37":0,"38":1,"39":0,"40":0,"41":0,"42":0,"43":0,"44":0,"45":1,"46":1,"47":1},"b":{"1":[1,0,0],"2":[0,0],"3":[0,0],"4":[0,0],"5":[0,0],"6":[0,0],"7":[0,0],"8":[0,1],"9":[0,0],"10":[0,0]},"f":{"1":1,"2":0,"3":0,"4":0,"5":0,"6":0,"7":0,"8":1,"9":0},"fnMap":{"1":{"name":"(anonymous_1)","line":10,"loc":{"start":{"line":10,"column":21},"end":{"line":10,"column":33}}},"2":{"name":"(anonymous_2)","line":37,"loc":{"start":{"line":37,"column":17},"end":{"line":37,"column":34}}},"3":{"name":"(anonymous_3)","line":42,"loc":{"start":{"line":42,"column":18},"end":{"line":42,"column":32}}},"4":{"name":"(anonymous_4)","line":45,"loc":{"start":{"line":45,"column":29},"end":{"line":45,"column":50}}},"5":{"name":"(anonymous_5)","line":57,"loc":{"start":{"line":57,"column":26},"end":{"line":57,"column":38}}},"6":{"name":"(anonymous_6)","line":61,"loc":{"start":{"line":61,"column":19},"end":{"line":61,"column":31}}},"7":{"name":"(anonymous_7)","line":63,"loc":{"start":{"line":63,"column":14},"end":{"line":63,"column":41}}},"8":{"name":"(anonymous_8)","line":78,"loc":{"start":{"line":78,"column":18},"end":{"line":78,"column":30}}},"9":{"name":"(anonymous_9)","line":86,"loc":{"start":{"line":86,"column":16},"end":{"line":86,"column":28}}}},"statementMap":{"1":{"start":{"line":3,"column":0},"end":{"line":3,"column":43}},"2":{"start":{"line":4,"column":0},"end":{"line":4,"column":33}},"3":{"start":{"line":5,"column":0},"end":{"line":5,"column":33}},"4":{"start":{"line":6,"column":0},"end":{"line":6,"column":23}},"5":{"start":{"line":7,"column":0},"end":{"line":7,"column":26}},"6":{"start":{"line":8,"column":0},"end":{"line":8,"column":33}},"7":{"start":{"line":10,"column":0},"end":{"line":105,"column":2}},"8":{"start":{"line":12,"column":2},"end":{"line":16,"column":4}},"9":{"start":{"line":20,"column":2},"end":{"line":20,"column":84}},"10":{"start":{"line":22,"column":2},"end":{"line":22,"column":13}},"11":{"start":{"line":24,"column":2},"end":{"line":35,"column":4}},"12":{"start":{"line":37,"column":2},"end":{"line":40,"column":4}},"13":{"start":{"line":38,"column":4},"end":{"line":38,"column":69}},"14":{"start":{"line":39,"column":4},"end":{"line":39,"column":36}},"15":{"start":{"line":42,"column":2},"end":{"line":55,"column":4}},"16":{"start":{"line":43,"column":4},"end":{"line":43,"column":48}},"17":{"start":{"line":45,"column":4},"end":{"line":53,"column":7}},"18":{"start":{"line":47,"column":6},"end":{"line":49,"column":7}},"19":{"start":{"line":48,"column":8},"end":{"line":48,"column":23}},"20":{"start":{"line":51,"column":6},"end":{"line":51,"column":41}},"21":{"start":{"line":52,"column":6},"end":{"line":52,"column":31}},"22":{"start":{"line":57,"column":2},"end":{"line":59,"column":4}},"23":{"start":{"line":58,"column":4},"end":{"line":58,"column":32}},"24":{"start":{"line":61,"column":2},"end":{"line":76,"column":4}},"25":{"start":{"line":63,"column":4},"end":{"line":74,"column":7}},"26":{"start":{"line":64,"column":6},"end":{"line":71,"column":7}},"27":{"start":{"line":65,"column":8},"end":{"line":65,"column":55}},"28":{"start":{"line":66,"column":8},"end":{"line":68,"column":9}},"29":{"start":{"line":67,"column":10},"end":{"line":67,"column":52}},"30":{"start":{"line":69,"column":13},"end":{"line":71,"column":7}},"31":{"start":{"line":70,"column":8},"end":{"line":70,"column":59}},"32":{"start":{"line":73,"column":6},"end":{"line":73,"column":26}},"33":{"start":{"line":78,"column":2},"end":{"line":84,"column":4}},"34":{"start":{"line":79,"column":4},"end":{"line":83,"column":5}},"35":{"start":{"line":80,"column":6},"end":{"line":80,"column":64}},"36":{"start":{"line":81,"column":6},"end":{"line":81,"column":65}},"37":{"start":{"line":82,"column":6},"end":{"line":82,"column":76}},"38":{"start":{"line":86,"column":2},"end":{"line":95,"column":4}},"39":{"start":{"line":87,"column":4},"end":{"line":90,"column":5}},"40":{"start":{"line":88,"column":6},"end":{"line":88,"column":21}},"41":{"start":{"line":89,"column":6},"end":{"line":89,"column":20}},"42":{"start":{"line":91,"column":4},"end":{"line":94,"column":5}},"43":{"start":{"line":92,"column":6},"end":{"line":92,"column":40}},"44":{"start":{"line":93,"column":6},"end":{"line":93,"column":32}},"45":{"start":{"line":97,"column":2},"end":{"line":97,"column":14}},"46":{"start":{"line":99,"column":2},"end":{"line":104,"column":4}},"47":{"start":{"line":107,"column":0},"end":{"line":107,"column":32}}},"branchMap":{"1":{"line":20,"type":"binary-expr","locations":[{"start":{"line":20,"column":16},"end":{"line":20,"column":28}},{"start":{"line":20,"column":32},"end":{"line":20,"column":55}},{"start":{"line":20,"column":59},"end":{"line":20,"column":83}}]},"2":{"line":47,"type":"if","locations":[{"start":{"line":47,"column":6},"end":{"line":47,"column":6}},{"start":{"line":47,"column":6},"end":{"line":47,"column":6}}]},"3":{"line":64,"type":"if","locations":[{"start":{"line":64,"column":6},"end":{"line":64,"column":6}},{"start":{"line":64,"column":6},"end":{"line":64,"column":6}}]},"4":{"line":66,"type":"if","locations":[{"start":{"line":66,"column":8},"end":{"line":66,"column":8}},{"start":{"line":66,"column":8},"end":{"line":66,"column":8}}]},"5":{"line":66,"type":"binary-expr","locations":[{"start":{"line":66,"column":12},"end":{"line":66,"column":18}},{"start":{"line":66,"column":22},"end":{"line":66,"column":38}}]},"6":{"line":69,"type":"if","locations":[{"start":{"line":69,"column":13},"end":{"line":69,"column":13}},{"start":{"line":69,"column":13},"end":{"line":69,"column":13}}]},"7":{"line":69,"type":"binary-expr","locations":[{"start":{"line":69,"column":17},"end":{"line":69,"column":23}},{"start":{"line":69,"column":27},"end":{"line":69,"column":43}}]},"8":{"line":79,"type":"if","locations":[{"start":{"line":79,"column":4},"end":{"line":79,"column":4}},{"start":{"line":79,"column":4},"end":{"line":79,"column":4}}]},"9":{"line":87,"type":"if","locations":[{"start":{"line":87,"column":4},"end":{"line":87,"column":4}},{"start":{"line":87,"column":4},"end":{"line":87,"column":4}}]},"10":{"line":91,"type":"if","locations":[{"start":{"line":91,"column":4},"end":{"line":91,"column":4}},{"start":{"line":91,"column":4},"end":{"line":91,"column":4}}]}},"code":["\"use strict\";","","var SocketIO = require(\"socket.io-client\");","var blocked = require(\"blocked\");","var pusage = require(\"pidusage\");","var os = require(\"os\");","var _ = require(\"lodash\");","var config = require(\"./config\");","","var dashboardAgent = function () {","","  var options = {","    port: process.env[config.PORT_KEY],","    refreshInterval: process.env[config.REFRESH_INTERVAL_KEY],","    blockedThreshold: process.env[config.BLOCKED_THRESHOLD_KEY]","  };","","  // check if the app was launched w/o the dashboard","  // if so, don't start any of the monitoring","  var enabled = options.port && options.refreshInterval && options.blockedThreshold;","","  var socket;","","  var metrics = {","    eventLoop: {","      delay: 0,","      high: 0","    },","    mem: {","      systemTotal: os.totalmem()","    },","    cpu: {","      utilization: 0","    }","  };","","  var _delayed = function (delay) {","    metrics.eventLoop.high = Math.max(metrics.eventLoop.high, delay);","    metrics.eventLoop.delay = delay;","  };","","  var _getStats = function (cb) {","    _.merge(metrics.mem, process.memoryUsage());","","    pusage.stat(process.pid, function (err, stat) {","","      if (err) {","        return cb(err);","      }","","      metrics.cpu.utilization = stat.cpu;","      return cb(null, metrics);","    });","","  };","","  var resetEventMetrics = function () {","    metrics.eventLoop.delay = 0;","  };","","  var _emitStats = function () {","","    _getStats(function (err, newMetrics) {","      if (err) {","        console.error(\"Failed to load metrics: \", err); //eslint-disable-line","        if (socket && socket.connected) {","          socket.emit(\"error\", JSON.stringify(err));","        }","      } else if (socket && socket.connected) {","        socket.emit(\"metrics\", JSON.stringify(newMetrics));","      }","","      resetEventMetrics();","    });","","  };","","  var startPump = function () {","    if (enabled) {","      socket = new SocketIO(\"http://localhost:\" + options.port);","      blocked(_delayed, { threshold: options.blockedThreshold });","      options.intervalId = setInterval(_emitStats, options.refreshInterval);","    }","  };","","  var destroy = function () {","    if (socket) {","      socket.close();","      socket = null;","    }","    if (options.intervalId) {","      clearInterval(options.intervalId);","      options.intervalId = null;","    }","  };","","  startPump();","","  return {","    _delayed: _delayed,","    _getStats: _getStats,","    _emitStats: _emitStats,","    destroy: destroy","  };","};","","module.exports = dashboardAgent;",""],"l":{"3":1,"4":1,"5":1,"6":1,"7":1,"8":1,"10":1,"12":1,"20":1,"22":1,"24":1,"37":1,"38":0,"39":0,"42":1,"43":0,"45":0,"47":0,"48":0,"51":0,"52":0,"57":1,"58":0,"61":1,"63":0,"64":0,"65":0,"66":0,"67":0,"69":0,"70":0,"73":0,"78":1,"79":1,"80":0,"81":0,"82":0,"86":1,"87":0,"88":0,"89":0,"91":0,"92":0,"93":0,"97":1,"99":1,"107":1}},"/home/travis/build/npmtest/node-npmtest-nodejs-dashboard/node_modules/nodejs-dashboard/lib/config.js":{"path":"/home/travis/build/npmtest/node-npmtest-nodejs-dashboard/node_modules/nodejs-dashboard/lib/config.js","s":{"1":1,"2":1},"b":{},"f":{},"fnMap":{},"statementMap":{"1":{"start":{"line":3,"column":0},"end":{"line":3,"column":37}},"2":{"start":{"line":5,"column":0},"end":{"line":13,"column":2}}},"branchMap":{},"code":["\"use strict\";","","var pkg = require(\"../package.json\");","","module.exports = {","  PORT: 9838,","  PORT_KEY: pkg.name + \"_PORT\",","  REFRESH_INTERVAL: 1000,","  REFRESH_INTERVAL_KEY: pkg.name + \"_REFRESH_INTERVAL\",","  BLOCKED_THRESHOLD: 10,","  BLOCKED_THRESHOLD_KEY: pkg.name + \"_BLOCKED_THRESHOLD\",","  LAYOUTS: \"\"","};",""],"l":{"3":1,"5":1}},"/home/travis/build/npmtest/node-npmtest-nodejs-dashboard/node_modules/nodejs-dashboard/lib/dashboard.js":{"path":"/home/travis/build/npmtest/node-npmtest-nodejs-dashboard/node_modules/nodejs-dashboard/lib/dashboard.js","s":{"1":1,"2":1,"3":1,"4":1,"5":1,"6":1,"7":1,"8":1,"9":1,"10":1,"11":1,"12":1,"13":1,"14":1,"15":0,"16":0,"17":0,"18":0,"19":0,"20":0,"21":0,"22":0,"23":0,"24":1,"25":0,"26":0,"27":0,"28":0,"29":0,"30":0,"31":1,"32":0,"33":0,"34":0,"35":0,"36":0,"37":0,"38":0,"39":0,"40":0,"41":0,"42":0,"43":0,"44":0,"45":0,"46":0,"47":1,"48":0,"49":0,"50":0,"51":1,"52":1,"53":0,"54":0,"55":0,"56":0,"57":0,"58":0,"59":0,"60":0,"61":0,"62":0,"63":0,"64":0,"65":0,"66":0,"67":0,"68":0,"69":0,"70":0,"71":0,"72":1},"b":{"1":[0,0],"2":[0,0],"3":[0,0],"4":[0,0],"5":[0,0],"6":[0,0],"7":[0,0],"8":[0,0],"9":[0,0]},"f":{"1":0,"2":0,"3":0,"4":0,"5":0,"6":0,"7":0,"8":0,"9":0,"10":0,"11":0},"fnMap":{"1":{"name":"Dashboard","line":19,"loc":{"start":{"line":19,"column":16},"end":{"line":19,"column":44}}},"2":{"name":"(anonymous_2)","line":37,"loc":{"start":{"line":37,"column":35},"end":{"line":37,"column":47}}},"3":{"name":"(anonymous_3)","line":52,"loc":{"start":{"line":52,"column":37},"end":{"line":52,"column":49}}},"4":{"name":"(anonymous_4)","line":54,"loc":{"start":{"line":54,"column":48},"end":{"line":54,"column":67}}},"5":{"name":"(anonymous_5)","line":61,"loc":{"start":{"line":61,"column":30},"end":{"line":61,"column":42}}},"6":{"name":"(anonymous_6)","line":66,"loc":{"start":{"line":66,"column":28},"end":{"line":66,"column":40}}},"7":{"name":"(anonymous_7)","line":75,"loc":{"start":{"line":75,"column":32},"end":{"line":75,"column":44}}},"8":{"name":"(anonymous_8)","line":80,"loc":{"start":{"line":80,"column":30},"end":{"line":80,"column":47}}},"9":{"name":"(anonymous_9)","line":97,"loc":{"start":{"line":97,"column":34},"end":{"line":97,"column":48}}},"10":{"name":"(anonymous_10)","line":101,"loc":{"start":{"line":101,"column":21},"end":{"line":101,"column":37}}},"11":{"name":"(anonymous_11)","line":107,"loc":{"start":{"line":107,"column":27},"end":{"line":107,"column":51}}}},"statementMap":{"1":{"start":{"line":3,"column":0},"end":{"line":3,"column":26}},"2":{"start":{"line":4,"column":0},"end":{"line":4,"column":33}},"3":{"start":{"line":6,"column":0},"end":{"line":6,"column":48}},"4":{"start":{"line":7,"column":0},"end":{"line":7,"column":54}},"5":{"start":{"line":8,"column":0},"end":{"line":8,"column":59}},"6":{"start":{"line":9,"column":0},"end":{"line":9,"column":59}},"7":{"start":{"line":10,"column":0},"end":{"line":10,"column":42}},"8":{"start":{"line":11,"column":0},"end":{"line":11,"column":39}},"9":{"start":{"line":12,"column":0},"end":{"line":12,"column":52}},"10":{"start":{"line":13,"column":0},"end":{"line":13,"column":54}},"11":{"start":{"line":14,"column":0},"end":{"line":14,"column":62}},"12":{"start":{"line":15,"column":0},"end":{"line":15,"column":44}},"13":{"start":{"line":17,"column":0},"end":{"line":17,"column":27}},"14":{"start":{"line":19,"column":0},"end":{"line":35,"column":2}},"15":{"start":{"line":20,"column":2},"end":{"line":20,"column":31}},"16":{"start":{"line":21,"column":2},"end":{"line":21,"column":18}},"17":{"start":{"line":22,"column":2},"end":{"line":22,"column":35}},"18":{"start":{"line":24,"column":2},"end":{"line":27,"column":5}},"19":{"start":{"line":29,"column":2},"end":{"line":29,"column":50}},"20":{"start":{"line":30,"column":2},"end":{"line":30,"column":58}},"21":{"start":{"line":32,"column":2},"end":{"line":32,"column":22}},"22":{"start":{"line":33,"column":2},"end":{"line":33,"column":24}},"23":{"start":{"line":34,"column":2},"end":{"line":34,"column":23}},"24":{"start":{"line":37,"column":0},"end":{"line":50,"column":2}},"25":{"start":{"line":38,"column":2},"end":{"line":38,"column":59}},"26":{"start":{"line":39,"column":2},"end":{"line":39,"column":18}},"27":{"start":{"line":42,"column":2},"end":{"line":42,"column":33}},"28":{"start":{"line":43,"column":2},"end":{"line":43,"column":37}},"29":{"start":{"line":45,"column":2},"end":{"line":47,"column":5}},"30":{"start":{"line":49,"column":2},"end":{"line":49,"column":22}},"31":{"start":{"line":52,"column":0},"end":{"line":78,"column":2}},"32":{"start":{"line":54,"column":2},"end":{"line":58,"column":35}},"33":{"start":{"line":55,"column":4},"end":{"line":55,"column":45}},"34":{"start":{"line":56,"column":4},"end":{"line":56,"column":90}},"35":{"start":{"line":57,"column":4},"end":{"line":57,"column":29}},"36":{"start":{"line":60,"column":2},"end":{"line":60,"column":36}},"37":{"start":{"line":61,"column":2},"end":{"line":64,"column":16}},"38":{"start":{"line":62,"column":4},"end":{"line":62,"column":22}},"39":{"start":{"line":63,"column":4},"end":{"line":63,"column":25}},"40":{"start":{"line":66,"column":2},"end":{"line":73,"column":16}},"41":{"start":{"line":67,"column":4},"end":{"line":72,"column":5}},"42":{"start":{"line":68,"column":6},"end":{"line":68,"column":22}},"43":{"start":{"line":69,"column":6},"end":{"line":69,"column":27}},"44":{"start":{"line":71,"column":6},"end":{"line":71,"column":26}},"45":{"start":{"line":75,"column":2},"end":{"line":77,"column":5}},"46":{"start":{"line":76,"column":4},"end":{"line":76,"column":20}},"47":{"start":{"line":80,"column":0},"end":{"line":87,"column":2}},"48":{"start":{"line":81,"column":2},"end":{"line":81,"column":43}},"49":{"start":{"line":84,"column":2},"end":{"line":86,"column":3}},"50":{"start":{"line":85,"column":4},"end":{"line":85,"column":25}},"51":{"start":{"line":89,"column":0},"end":{"line":95,"column":2}},"52":{"start":{"line":97,"column":0},"end":{"line":137,"column":2}},"53":{"start":{"line":98,"column":2},"end":{"line":100,"column":3}},"54":{"start":{"line":99,"column":4},"end":{"line":99,"column":11}},"55":{"start":{"line":101,"column":2},"end":{"line":103,"column":5}},"56":{"start":{"line":102,"column":4},"end":{"line":102,"column":19}},"57":{"start":{"line":105,"column":2},"end":{"line":105,"column":18}},"58":{"start":{"line":107,"column":2},"end":{"line":132,"column":16}},"59":{"start":{"line":108,"column":4},"end":{"line":108,"column":13}},"60":{"start":{"line":110,"column":4},"end":{"line":115,"column":5}},"61":{"start":{"line":111,"column":6},"end":{"line":111,"column":46}},"62":{"start":{"line":112,"column":11},"end":{"line":115,"column":5}},"63":{"start":{"line":114,"column":6},"end":{"line":114,"column":57}},"64":{"start":{"line":117,"column":4},"end":{"line":131,"column":5}},"65":{"start":{"line":118,"column":6},"end":{"line":122,"column":7}},"66":{"start":{"line":119,"column":8},"end":{"line":121,"column":11}},"67":{"start":{"line":123,"column":6},"end":{"line":128,"column":9}},"68":{"start":{"line":130,"column":6},"end":{"line":130,"column":28}},"69":{"start":{"line":134,"column":2},"end":{"line":134,"column":26}},"70":{"start":{"line":135,"column":2},"end":{"line":135,"column":32}},"71":{"start":{"line":136,"column":2},"end":{"line":136,"column":23}},"72":{"start":{"line":139,"column":0},"end":{"line":139,"column":27}}},"branchMap":{"1":{"line":20,"type":"binary-expr","locations":[{"start":{"line":20,"column":17},"end":{"line":20,"column":24}},{"start":{"line":20,"column":28},"end":{"line":20,"column":30}}]},"2":{"line":55,"type":"cond-expr","locations":[{"start":{"line":55,"column":38},"end":{"line":55,"column":40}},{"start":{"line":55,"column":43},"end":{"line":55,"column":44}}]},"3":{"line":67,"type":"if","locations":[{"start":{"line":67,"column":4},"end":{"line":67,"column":4}},{"start":{"line":67,"column":4},"end":{"line":67,"column":4}}]},"4":{"line":84,"type":"if","locations":[{"start":{"line":84,"column":2},"end":{"line":84,"column":2}},{"start":{"line":84,"column":2},"end":{"line":84,"column":2}}]},"5":{"line":98,"type":"if","locations":[{"start":{"line":98,"column":2},"end":{"line":98,"column":2}},{"start":{"line":98,"column":2},"end":{"line":98,"column":2}}]},"6":{"line":110,"type":"if","locations":[{"start":{"line":110,"column":4},"end":{"line":110,"column":4}},{"start":{"line":110,"column":4},"end":{"line":110,"column":4}}]},"7":{"line":112,"type":"if","locations":[{"start":{"line":112,"column":11},"end":{"line":112,"column":11}},{"start":{"line":112,"column":11},"end":{"line":112,"column":11}}]},"8":{"line":117,"type":"if","locations":[{"start":{"line":117,"column":4},"end":{"line":117,"column":4}},{"start":{"line":117,"column":4},"end":{"line":117,"column":4}}]},"9":{"line":118,"type":"if","locations":[{"start":{"line":118,"column":6},"end":{"line":118,"column":6}},{"start":{"line":118,"column":6},"end":{"line":118,"column":6}}]}},"code":["\"use strict\";","","var _ = require(\"lodash\");","var blessed = require(\"blessed\");","","var StreamView = require(\"./views/stream-view\");","var EventLoopView = require(\"./views/eventloop-view\");","var MemoryGaugeView = require(\"./views/memory-gauge-view\");","var MemoryGraphView = require(\"./views/memory-graph-view\");","var CpuView = require(\"./views/cpu-view\");","var HelpView = require(\"./views/help\");","var generateLayouts = require(\"./generate-layouts\");","var LogProvider = require(\"./providers/log-provider\");","var MetricsProvider = require(\"./providers/metrics-provider\");","var BaseView = require(\"./views/base-view\");","","var THROTTLE_TIMEOUT = 150;","","var Dashboard = function Dashboard(options) {","  this.options = options || {};","  this.views = {};","  this.settings = options.settings;","","  this.screen = blessed.screen({","    smartCSR: true,","    title: options.appName","  });","","  this.logProvider = new LogProvider(this.screen);","  this.metricsProvider = new MetricsProvider(this.screen);","","  this._createViews();","  this._configureKeys();","  this.screen.render();","};","","Dashboard.prototype._createViews = function () {","  this.layouts = generateLayouts(this.options.layoutsFile);","  this.views = [];","","  // container prevents stream view scrolling from interfering with side views","  this.container = blessed.box();","  this.screen.append(this.container);","","  this.helpView = new HelpView({","    parent: this.container","  });","","  this._showLayout(0);","};","","Dashboard.prototype._configureKeys = function () {","","  this.screen.key([\"left\", \"right\"], _.throttle(function (ch, key) {","    var delta = key.name === \"left\" ? -1 : 1;","    var target = (this.currentLayout + delta + this.layouts.length) % this.layouts.length;","    this._showLayout(target);","  }.bind(this), THROTTLE_TIMEOUT));","","  var helpNode = this.helpView.node;","  this.screen.key([\"?\", \"h\"], function () {","    helpNode.toggle();","    this.screen.render();","  }.bind(this));","","  this.screen.key(\"escape\", function () {","    if (helpNode.visible) {","      helpNode.hide();","      this.screen.render();","    } else {","      this._showLayout(0);","    }","  }.bind(this));","","  this.screen.key([\"q\", \"C-c\"], function () {","    process.exit(0); // eslint-disable-line no-process-exit","  });","};","","Dashboard.prototype.onEvent = function (event) {","  this.screen.emit(event.type, event.data);","  // avoid double screen render for stream events (Element calls screen.render on scroll)","  // TODO dashboard shouldn't know which events are used by which widgets","  if (event.type === \"metrics\") {","    this.screen.render();","  }","};","","var VIEW_MAP = {","  log: StreamView,","  cpu: CpuView,","  memory: MemoryGaugeView,","  memoryGraph: MemoryGraphView,","  eventLoop: EventLoopView","};","","Dashboard.prototype._showLayout = function (id) {","  if (this.currentLayout === id) {","    return;","  }","  _.each(this.views, function (view) {","    view.destroy();","  });","","  this.views = [];","","  _.each(this.layouts[id], function (layoutConfig) {","    var View;","","    if (VIEW_MAP[layoutConfig.view.type]) {","      View = VIEW_MAP[layoutConfig.view.type];","    } else if (layoutConfig.view.module) {","      // eslint-disable-next-line global-require","      View = require(layoutConfig.view.module)(BaseView);","    }","","    if (View) {","      if (this.settings[layoutConfig.view.type]) {","        layoutConfig = _.merge(layoutConfig, {","          view: this.settings[layoutConfig.view.type]","        });","      }","      var view = new View({","        parent: this.container,","        logProvider: this.logProvider,","        metricsProvider: this.metricsProvider,","        layoutConfig: layoutConfig","      });","","      this.views.push(view);","    }","  }.bind(this));","","  this.currentLayout = id;","  this.helpView.node.setFront();","  this.screen.render();","};","","module.exports = Dashboard;",""],"l":{"3":1,"4":1,"6":1,"7":1,"8":1,"9":1,"10":1,"11":1,"12":1,"13":1,"14":1,"15":1,"17":1,"19":1,"20":0,"21":0,"22":0,"24":0,"29":0,"30":0,"32":0,"33":0,"34":0,"37":1,"38":0,"39":0,"42":0,"43":0,"45":0,"49":0,"52":1,"54":0,"55":0,"56":0,"57":0,"60":0,"61":0,"62":0,"63":0,"66":0,"67":0,"68":0,"69":0,"71":0,"75":0,"76":0,"80":1,"81":0,"84":0,"85":0,"89":1,"97":1,"98":0,"99":0,"101":0,"102":0,"105":0,"107":0,"108":0,"110":0,"111":0,"112":0,"114":0,"117":0,"118":0,"119":0,"123":0,"130":0,"134":0,"135":0,"136":0,"139":1}},"/home/travis/build/npmtest/node-npmtest-nodejs-dashboard/node_modules/nodejs-dashboard/lib/views/stream-view.js":{"path":"/home/travis/build/npmtest/node-npmtest-nodejs-dashboard/node_modules/nodejs-dashboard/lib/views/stream-view.js","s":{"1":1,"2":1,"3":1,"4":1,"5":1,"6":1,"7":1,"8":0,"9":0,"10":0,"11":0,"12":0,"13":0,"14":0,"15":0,"16":0,"17":1,"18":0,"19":0,"20":0,"21":0,"22":0,"23":0,"24":0,"25":0,"26":0,"27":0,"28":0,"29":0,"30":0,"31":0,"32":1,"33":1,"34":0,"35":0,"36":0,"37":0,"38":1,"39":0,"40":1,"41":0,"42":0,"43":0,"44":0,"45":0,"46":0,"47":0,"48":0,"49":0,"50":0,"51":0,"52":0,"53":0,"54":1,"55":0,"56":0,"57":0,"58":0,"59":0,"60":1,"61":0,"62":0,"63":0,"64":0,"65":0,"66":0,"67":0,"68":0,"69":0,"70":1,"71":1,"72":0,"73":0,"74":1},"b":{"1":[0,0],"2":[0,0],"3":[0,0],"4":[0,0],"5":[0,0],"6":[0,0],"7":[0,0],"8":[0,0],"9":[0,0],"10":[0,0],"11":[0,0],"12":[0,0],"13":[0,0],"14":[0,0],"15":[0,0],"16":[0,0],"17":[0,0],"18":[0,0]},"f":{"1":0,"2":0,"3":0,"4":0,"5":0,"6":0,"7":0,"8":0,"9":0,"10":0,"11":0,"12":0},"fnMap":{"1":{"name":"(anonymous_1)","line":19,"loc":{"start":{"line":19,"column":19},"end":{"line":19,"column":34}}},"2":{"name":"(anonymous_2)","line":22,"loc":{"start":{"line":22,"column":15},"end":{"line":22,"column":41}}},"3":{"name":"StreamView","line":35,"loc":{"start":{"line":35,"column":17},"end":{"line":35,"column":46}}},"4":{"name":"(anonymous_4)","line":59,"loc":{"start":{"line":59,"column":36},"end":{"line":59,"column":57}}},"5":{"name":"(anonymous_5)","line":66,"loc":{"start":{"line":66,"column":35},"end":{"line":66,"column":47}}},"6":{"name":"(anonymous_6)","line":100,"loc":{"start":{"line":100,"column":46},"end":{"line":100,"column":58}}},"7":{"name":"(anonymous_7)","line":110,"loc":{"start":{"line":110,"column":27},"end":{"line":110,"column":43}}},"8":{"name":"(anonymous_8)","line":113,"loc":{"start":{"line":113,"column":37},"end":{"line":113,"column":58}}},"9":{"name":"(anonymous_9)","line":135,"loc":{"start":{"line":135,"column":31},"end":{"line":135,"column":43}}},"10":{"name":"(anonymous_10)","line":138,"loc":{"start":{"line":138,"column":36},"end":{"line":138,"column":57}}},"11":{"name":"add","line":151,"loc":{"start":{"line":151,"column":28},"end":{"line":151,"column":43}},"skip":true},"12":{"name":"(anonymous_12)","line":168,"loc":{"start":{"line":168,"column":48},"end":{"line":168,"column":67}}}},"statementMap":{"1":{"start":{"line":3,"column":0},"end":{"line":3,"column":31}},"2":{"start":{"line":4,"column":0},"end":{"line":4,"column":33}},"3":{"start":{"line":5,"column":0},"end":{"line":5,"column":27}},"4":{"start":{"line":6,"column":0},"end":{"line":6,"column":26}},"5":{"start":{"line":8,"column":0},"end":{"line":8,"column":38}},"6":{"start":{"line":10,"column":0},"end":{"line":10,"column":30}},"7":{"start":{"line":19,"column":0},"end":{"line":33,"column":2}},"8":{"start":{"line":20,"column":2},"end":{"line":20,"column":29}},"9":{"start":{"line":22,"column":2},"end":{"line":32,"column":4}},"10":{"start":{"line":23,"column":4},"end":{"line":25,"column":5}},"11":{"start":{"line":24,"column":6},"end":{"line":24,"column":42}},"12":{"start":{"line":26,"column":4},"end":{"line":26,"column":30}},"13":{"start":{"line":27,"column":4},"end":{"line":27,"column":43}},"14":{"start":{"line":28,"column":4},"end":{"line":30,"column":5}},"15":{"start":{"line":29,"column":6},"end":{"line":29,"column":33}},"16":{"start":{"line":31,"column":4},"end":{"line":31,"column":15}},"17":{"start":{"line":35,"column":0},"end":{"line":62,"column":2}},"18":{"start":{"line":36,"column":2},"end":{"line":36,"column":31}},"19":{"start":{"line":38,"column":2},"end":{"line":38,"column":65}},"20":{"start":{"line":40,"column":2},"end":{"line":42,"column":3}},"21":{"start":{"line":41,"column":4},"end":{"line":41,"column":62}},"22":{"start":{"line":44,"column":2},"end":{"line":46,"column":3}},"23":{"start":{"line":45,"column":4},"end":{"line":45,"column":62}},"24":{"start":{"line":48,"column":2},"end":{"line":48,"column":41}},"25":{"start":{"line":50,"column":2},"end":{"line":50,"column":28}},"26":{"start":{"line":52,"column":2},"end":{"line":52,"column":90}},"27":{"start":{"line":54,"column":2},"end":{"line":56,"column":3}},"28":{"start":{"line":55,"column":4},"end":{"line":55,"column":22}},"29":{"start":{"line":58,"column":2},"end":{"line":58,"column":39}},"30":{"start":{"line":59,"column":2},"end":{"line":61,"column":16}},"31":{"start":{"line":60,"column":4},"end":{"line":60,"column":51}},"32":{"start":{"line":64,"column":0},"end":{"line":64,"column":57}},"33":{"start":{"line":66,"column":0},"end":{"line":98,"column":2}},"34":{"start":{"line":67,"column":2},"end":{"line":91,"column":5}},"35":{"start":{"line":93,"column":2},"end":{"line":93,"column":26}},"36":{"start":{"line":95,"column":2},"end":{"line":95,"column":29}},"37":{"start":{"line":97,"column":2},"end":{"line":97,"column":32}},"38":{"start":{"line":100,"column":0},"end":{"line":108,"column":2}},"39":{"start":{"line":101,"column":2},"end":{"line":107,"column":4}},"40":{"start":{"line":110,"column":0},"end":{"line":133,"column":2}},"41":{"start":{"line":111,"column":2},"end":{"line":111,"column":38}},"42":{"start":{"line":112,"column":2},"end":{"line":130,"column":3}},"43":{"start":{"line":113,"column":4},"end":{"line":123,"column":22}},"44":{"start":{"line":114,"column":6},"end":{"line":117,"column":7}},"45":{"start":{"line":115,"column":8},"end":{"line":115,"column":50}},"46":{"start":{"line":116,"column":8},"end":{"line":116,"column":68}},"47":{"start":{"line":118,"column":6},"end":{"line":120,"column":7}},"48":{"start":{"line":119,"column":8},"end":{"line":119,"column":23}},"49":{"start":{"line":122,"column"
[...]
column":4},"end":{"line":103,"column":74}},"42":{"start":{"line":105,"column":4},"end":{"line":105,"column":74}},"43":{"start":{"line":107,"column":4},"end":{"line":107,"column":39}},"44":{"start":{"line":111,"column":0},"end":{"line":129,"column":2}},"45":{"start":{"line":112,"column":2},"end":{"line":112,"column":41}},"46":{"start":{"line":113,"column":2},"end":{"line":126,"column":3}},"47":{"start":{"line":115,"column":4},"end":{"line":119,"column":5}},"48":{"start":{"line":116,"column":6},"end":{"line":116,"column":42}},"49":{"start":{"line":118,"column":6},"end":{"line":118,"column":71}},"50":{"start":{"line":121,"column":4},"end":{"line":121,"column":70}},"51":{"start":{"line":122,"column":4},"end":{"line":125,"column":6}},"52":{"start":{"line":128,"column":2},"end":{"line":128,"column":40}}},"branchMap":{"1":{"line":17,"type":"if","locations":[{"start":{"line":17,"column":2},"end":{"line":17,"column":2}},{"start":{"line":17,"column":2},"end":{"line":17,"column":2}}]},"2":{"line":17,"type":"binary-expr","locations":[{"start":{"line":17,"column":6},"end":{"line":17,"column":30}},{"start":{"line":17,"column":34},"end":{"line":17,"column":58}}]},"3":{"line":29,"type":"binary-expr","locations":[{"start":{"line":29,"column":11},"end":{"line":29,"column":25}},{"start":{"line":29,"column":29},"end":{"line":29,"column":30}}]},"4":{"line":29,"type":"binary-expr","locations":[{"start":{"line":29,"column":35},"end":{"line":29,"column":49}},{"start":{"line":29,"column":53},"end":{"line":29,"column":54}}]},"5":{"line":30,"type":"binary-expr","locations":[{"start":{"line":30,"column":11},"end":{"line":30,"column":25}},{"start":{"line":30,"column":29},"end":{"line":30,"column":30}}]},"6":{"line":30,"type":"binary-expr","locations":[{"start":{"line":30,"column":35},"end":{"line":30,"column":49}},{"start":{"line":30,"column":53},"end":{"line":30,"column":54}}]},"7":{"line":41,"type":"if","locations":[{"start":{"line":41,"column":2},"end":{"line":41,"column":2}},{"start":{"line":41,"column":2},"end":{"line":41,"column":2}}]},"8":{"line":46,"type":"cond-expr","locations":[{"start":{"line":47,"column":4},"end":{"line":47,"column":14}},{"start":{"line":47,"column":17},"end":{"line":47,"column":26}}]},"9":{"line":55,"type":"cond-expr","locations":[{"start":{"line":55,"column":37},"end":{"line":58,"column":3}},{"start":{"line":58,"column":6},"end":{"line":58,"column":7}}]},"10":{"line":113,"type":"if","locations":[{"start":{"line":113,"column":2},"end":{"line":113,"column":2}},{"start":{"line":113,"column":2},"end":{"line":113,"column":2}}]}},"code":["\"use strict\";","var _ = require(\"lodash\");","var assert = require(\"assert\");","var path = require(\"path\");","var defaultLayoutConfig = require(\"./default-layout-config\");","var validate = require(\"jsonschema\").validate;","var layoutConfigSchema = require(\"./layout-config-schema.json\");","/* eslint-disable no-magic-numbers */","","// Each layout consists of vertical panels, that contains its position and horizontal views.","// Flex-like positions of panels and views defined by 'grow' and 'size' parameters.","// View or panel with 'size' has exactly <size> height or width respectively.","// View or panel with 'grow' fills <grow> part of the residuary space (it works like flex-grow).","// By default, position = { grow: 1 }","","var normalizePosition = function (position) {","  if (!_.has(position, \"grow\") && !_.has(position, \"size\")) {","    position = { grow: 1 };","  }","","  return position;","};","","var concatPosition = function (position1, position2) {","  position1 = normalizePosition(position1);","  position2 = normalizePosition(position2);","","  return {","    grow: (position1.grow || 0) + (position2.grow || 0),","    size: (position1.size || 0) + (position2.size || 0)","  };","};","","var getSummaryPosition = function (items) {","  return items.map(function (item) { return item.position; })","    .reduce(concatPosition, { grow: 0, size: 0 });","};","","var getSize = function (parentSize, itemPosition) {","  var position = normalizePosition(itemPosition.position);","  if (_.has(position, \"size\")) {","    return position.size;","  }","","  // Prevent last growing view from overflowing screen","  var round = itemPosition.offset.grow + position.grow === itemPosition.summary.grow ?","    Math.floor : Math.ceil;","","  return round(","    (parentSize - itemPosition.summary.size) * position.grow / itemPosition.summary.grow","  );","};","","var getOffset = function (parentSize, itemPosition) {","  return itemPosition.summary.grow ? Math.ceil(","    itemPosition.offset.size +","    (parentSize - itemPosition.summary.size) * itemPosition.offset.grow / itemPosition.summary.grow","  ) : 0;","};","","var createViewLayout = function (view, viewPosition, panelPosition) {","  return {","    view: view,","    getPosition: function (parent) {","      return {","        width: getSize(parent.width, panelPosition),","        height: getSize(parent.height, viewPosition),","        left: getOffset(parent.width, panelPosition),","        top: getOffset(parent.height, viewPosition)","      };","    }","  };","};","","var createPanelLayout = function (panelPosition, views) {","  var viewSummaryPosition = getSummaryPosition(views);","  var offsetPosition = { size: 0, grow: 0 };","","  return views.map(function (view) {","    var viewPosition = {","      summary: viewSummaryPosition,","      offset: offsetPosition,","      position: view.position","    };","","    offsetPosition = concatPosition(view.position, offsetPosition);","","    return createViewLayout(view, viewPosition, panelPosition);","  });","};","","var createLayout = function (panelsConfig) {","  var panelSummaryPosition = getSummaryPosition(panelsConfig);","  var offsetPosition = { size: 0, grow: 0 };","","  return panelsConfig.reduce(function (layouts, panelConfig) {","    var panelPosition = {","      summary: panelSummaryPosition,","      offset: offsetPosition,","      position: panelConfig.position","    };","","    var viewLayouts = createPanelLayout(panelPosition, panelConfig.views);","","    offsetPosition = concatPosition(panelConfig.position, offsetPosition);","","    return layouts.concat(viewLayouts);","  }, []);","};","","module.exports = function generateLayouts(layoutsFile) {","  var layoutConfig = defaultLayoutConfig;","  if (layoutsFile) {","    /* eslint-disable global-require */","    try {","      layoutConfig = require(layoutsFile);","    } catch (err1) {","      layoutConfig = require(path.resolve(process.cwd(), layoutsFile));","    }","    /* eslint-enable global-require */","    var validationResult = validate(layoutConfig, layoutConfigSchema);","    assert(","      validationResult.valid,","      \"Layout config is invalid:\\n\\n  * \" + validationResult.errors.join(\"\\n  * \") + \"\\n\"","    );","  }","","  return layoutConfig.map(createLayout);","};",""],"l":{"2":1,"3":1,"4":1,"5":1,"6":1,"7":1,"16":1,"17":0,"18":0,"21":0,"24":1,"25":0,"26":0,"28":0,"34":1,"35":0,"39":1,"40":0,"41":0,"42":0,"46":0,"49":0,"54":1,"55":0,"61":1,"62":0,"65":0,"75":1,"76":0,"77":0,"79":0,"80":0,"86":0,"88":0,"92":1,"93":0,"94":0,"96":0,"97":0,"103":0,"105":0,"107":0,"111":1,"112":0,"113":0,"115":0,"116":0,"118":0,"121":0,"122":0,"128":0}},"/home/travis/build/npmtest/node-npmtest-nodejs-dashboard/node_modules/nodejs-dashboard/lib/default-layout-config.js":{"path":"/home/travis/build/npmtest/node-npmtest-nodejs-dashboard/node_modules/nodejs-dashboard/lib/default-layout-config.js","s":{"1":1},"b":{},"f":{},"fnMap":{},"statementMap":{"1":{"start":{"line":3,"column":0},"end":{"line":124,"column":2}}},"branchMap":{},"code":["\"use strict\";","","module.exports = [","  [","    {","      position: {","        grow: 3","      },","      views: [","        {","          type: \"log\",","          title: \"stdout\",","          borderColor: \"green\",","          streams: [\"stdout\"]","        },","        {","          type: \"log\",","          title: \"stderr\",","          borderColor: \"red\",","          streams: [\"stderr\"]","        }","      ]","    },","    {","      views: [","        {","          type: \"cpu\",","          limit: 30","        },","        {","          type: \"eventLoop\",","          limit: 30","        },","        {","          type: \"memory\",","          position: {","            size: 15","          }","        }","      ]","    }","  ],","  [","    {","      position: {","        grow: 3","      },","      views: [","        {","          type: \"log\",","          title: \"log\",","          borderColor: \"light-blue\",","          streams: [\"stdout\", \"stderr\"]","        }","      ]","    },","    {","      views: [","        {","          type: \"cpu\",","          limit: 30","        },","        {","          type: \"eventLoop\",","          title: \"event loop\",","          limit: 30","        },","        {","          type: \"memory\",","          position: {","            size: 15","          }","        }","      ]","    }","  ],","  [","    {","      views: [","        {","          type: \"cpu\",","          limit: 30","        },","        {","          type: \"eventLoop\",","          limit: 30","        },","        {","          type: \"memoryGraph\"","        }","      ]","    }","  ],","  [","    {","      views: [","        {","          type: \"log\",","          title: \"stdout\",","          borderColor: \"green\",","          streams: [\"stdout\"]","        },","        {","          type: \"log\",","          title: \"stdout\",","          borderColor: \"red\",","          streams: [\"stderr\"]","        }","      ]","    }","  ],","  [","    {","      views: [","        {","          type: \"log\",","          title: \"log\",","          borderColor: \"light-blue\",","          streams: [\"stdout\", \"stderr\"]","        }","      ]","    }","  ]","];",""],"l":{"3":1}},"/home/travis/build/npmtest/node-npmtest-nodejs-dashboard/node_modules/nodejs-dashboard/lib/providers/log-provider.js":{"path":"/home/travis/build/npmtest/node-npmtest-nodejs-dashboard/node_modules/nodejs-dashboard/lib/providers/log-provider.js","s":{"1":1,"2":1,"3":0,"4":0,"5":0,"6":0,"7":0,"8":1,"9":1,"10":0,"11":1,"12":0,"13":0,"14":0,"15":0,"16":1,"17":0,"18":0,"19":0,"20":1},"b":{"1":[0,0],"2":[0,0]},"f":{"1":0,"2":0,"3":0,"4":0,"5":0,"6":0},"fnMap":{"1":{"name":"LogProvider","line":5,"loc":{"start":{"line":5,"column":18},"end":{"line":5,"column":47}}},"2":{"name":"(anonymous_2)","line":17,"loc":{"start":{"line":17,"column":23},"end":{"line":17,"column":40}}},"3":{"name":"(anonymous_3)","line":21,"loc":{"start":{"line":21,"column":31},"end":{"line":21,"column":55}}},"4":{"name":"(anonymous_4)","line":30,"loc":{"start":{"line":30,"column":31},"end":{"line":30,"column":57}}},"5":{"name":"(anonymous_5)","line":32,"loc":{"start":{"line":32,"column":12},"end":{"line":32,"column":29}}},"6":{"name":"(anonymous_6)","line":34,"loc":{"start":{"line":34,"column":9},"end":{"line":34,"column":26}}}},"statementMap":{"1":{"start":{"line":3,"column":0},"end":{"line":3,"column":50}},"2":{"start":{"line":5,"column":0},"end":{"line":13,"column":2}},"3":{"start":{"line":6,"column":2},"end":{"line":6,"column":26}},"4":{"start":{"line":8,"column":2},"end":{"line":8,"column":17}},"5":{"start":{"line":9,"column":2},"end":{"line":9,"column":21}},"6":{"start":{"line":11,"column":2},"end":{"line":11,"column":56}},"7":{"start":{"line":12,"column":2},"end":{"line":12,"column":56}},"8":{"start":{"line":15,"column":0},"end":{"line":15,"column":62}},"9":{"start":{"line":17,"column":0},"end":{"line":19,"column":2}},"10":{"start":{"line":18,"column":2},"end":{"line":18,"column":43}},"11":{"start":{"line":21,"column":0},"end":{"line":28,"column":2}},"12":{"start":{"line":22,"column":2},"end":{"line":22,"column":33}},"13":{"start":{"line":23,"column":2},"end":{"line":25,"column":3}},"14":{"start":{"line":24,"column":4},"end":{"line":24,"column":63}},"15":{"start":{"line":27,"column":2},"end":{"line":27,"column":26}},"16":{"start":{"line":30,"column":0},"end":{"line":37,"column":2}},"17":{"start":{"line":31,"column":2},"end":{"line":36,"column":24}},"18":{"start":{"line":32,"column":31},"end":{"line":32,"column":71}},"19":{"start":{"line":34,"column":28},"end":{"line":34,"column":44}},"20":{"start":{"line":39,"column":0},"end":{"line":39,"column":29}}},"branchMap":{"1":{"line":23,"type":"if","locations":[{"start":{"line":23,"column":2},"end":{"line":23,"column":2}},{"start":{"line":23,"column":2},"end":{"line":23,"column":2}}]},"2":{"line":33,"type":"binary-expr","locations":[{"start":{"line":33,"column":14},"end":{"line":33,"column":19}},{"start":{"line":33,"column":23},"end":{"line":33,"column":33}}]}},"code":["\"use strict\";","","var EventEmitter = require(\"events\").EventEmitter;","","var LogProvider = function LogProvider(screen) {","  EventEmitter.call(this);","","  this._log = [];","  this.limit = 10000;","","  screen.on(\"stdout\", this._onLog.bind(this, \"stdout\"));","  screen.on(\"stderr\", this._onLog.bind(this, \"stderr\"));","};","","LogProvider.prototype = Object.create(EventEmitter.prototype);","","LogProvider.setLimit = function (limit) {","  this.limit = Math.max(this.limit, limit);","};","","LogProvider.prototype._onLog = function (source, data) {","  this._log.push([source, data]);","  if (this._log.length > this.limit) {","    this._log = this._log.slice(this.limit - this._log.length);","  }","","  this.emit(source, data);","};","","LogProvider.prototype.getLog = function (sources, limit) {","  return this._log","    .filter(function (entry) { return sources.indexOf(entry[0]) !== -1; })","    .slice(0, limit || this.limit)","    .map(function (entry) { return entry[1]; })","    .join(\"\")","    .replace(/\\n$/, \"\");","};","","module.exports = LogProvider;",""],"l":{"3":1,"5":1,"6":0,"8":0,"9":0,"11":0,"12":0,"15":1,"17":1,"18":0,"21":1,"22":0,"23":0,"24":0,"27":0,"30":1,"31":0,"32":0,"34":0,"39":1}},"/home/travis/build/npmtest/node-npmtest-nodejs-dashboard/node_modules/nodejs-dashboard/lib/providers/metrics-provider.js":{"path":"/home/travis/build/npmtest/node-npmtest-nodejs-dashboard/node_modules/nodejs-dashboard/lib/providers/metrics-provider.js","s":{"1":1,"2":1,"3":0,"4":0,"5":0,"6":1,"7":1,"8":0,"9":0,"10":1,"11":0,"12":1},"b":{},"f":{"1":0,"2":0,"3":0},"fnMap":{"1":{"name":"MetricsProvider","line":5,"loc":{"start":{"line":5,"column":22},"end":{"line":5,"column":55}}},"2":{"name":"(anonymous_2)","line":15,"loc":{"start":{"line":15,"column":39},"end":{"line":15,"column":55}}},"3":{"name":"(anonymous_3)","line":21,"loc":{"start":{"line":21,"column":39},"end":{"line":21,"column":56}}}},"statementMap":{"1":{"start":{"line":3,"column":0},"end":{"line":3,"column":50}},"2":{"start":{"line":5,"column":0},"end":{"line":11,"column":2}},"3":{"start":{"line":6,"column":2},"end":{"line":6,"column":26}},"4":{"start":{"line":8,"column":2},"end":{"line":8,"column":21}},"5":{"start":{"line":10,"column":2},"end":{"line":10,"column":51}},"6":{"start":{"line":13,"column":0},"end":{"line":13,"column":66}},"7":{"start":{"line":15,"column":0},"end":{"line":19,"column":2}},"8":{"start":{"line":16,"column":2},"end":{"line":16,"column":27}},"9":{"start":{"line":18,"column":2},"end":{"line":18,"column":29}},"10":{"start":{"line":21,"column":0},"end":{"line":23,"column":2}},"11":{"start":{"line":22,"column":2},"end":{"line":22,"column":37}},"12":{"start":{"line":25,"column":0},"end":{"line":25,"column":33}}},"branchMap":{},"code":["\"use strict\";","","var EventEmitter = require(\"events\").EventEmitter;","","var MetricsProvider = function MetricsProvider(screen) {","  EventEmitter.call(this);","","  this._metrics = [];","","  screen.on(\"metrics\", this._onMetrics.bind(this));","};","","MetricsProvider.prototype = Object.create(EventEmitter.prototype);","","MetricsProvider.prototype._onMetrics = function (data) {","  this._metrics.push(data);","","  this.emit(\"metrics\", data);","};","","MetricsProvider.prototype.getMetrics = function (limit) {","  return this._metrics.slice(-limit);","};","","module.exports = MetricsProvider;",""],"l":{"3":1,"5":1,"6":0,"8":0,"10":0,"13":1,"15":1,"16":0,"18":0,"21":1,"22":0,"25":1}},"/home/travis/build/npmtest/node-npmtest-nodejs-dashboard/node_modules/nodejs-dashboard/lib/parse-settings.js":{"path":"/home/travis/build/npmtest/node-npmtest-nodejs-dashboard/node_modules/nodejs-dashboard/lib/parse-settings.js","s":{"1":1,"2":1,"3":0,"4":0,"5":0,"6":0,"7":0,"8":0,"9":0,"10":0,"11":0,"12":0,"13":0,"14":0,"15":0,"16":0,"17":0,"18":0,"19":1},"b":{"1":[0,0],"2":[0,0],"3":[0,0],"4":[0,0]},"f":{"1":0},"fnMap":{"1":{"name":"(anonymous_1)","line":5,"loc":{"start":{"line":5,"column":20},"end":{"line":5,"column":40}}}},"statementMap":{"1":{"start":{"line":3,"column":0},"end":{"line":3,"column":26}},"2":{"start":{"line":5,"column":0},"end":{"line":35,"column":2}},"3":{"start":{"line":6,"column":2},"end":{"line":6,"column":41}},"4":{"start":{"line":7,"column":2},"end":{"line":7,"column":23}},"5":{"start":{"line":9,"column":2},"end":{"line":32,"column":3}},"6":{"start":{"line":10,"column":4},"end":{"line":10,"column":46}},"7":{"start":{"line":11,"column":4},"end":{"line":16,"column":5}},"8":{"start":{"line":12,"column":6},"end":{"line":15,"column":8}},"9":{"start":{"line":17,"column":4},"end":{"line":17,"column":33}},"10":{"start":{"line":18,"column":4},"end":{"line":18,"column":35}},"11":{"start":{"line":19,"column":4},"end":{"line":23,"column":5}},"12":{"start":{"line":20,"column":6},"end":{"line":22,"column":8}},"13":{"start":{"line":25,"column":4},"end":{"line":31,"column":5}},"14":{"start":{"line":26,"column":6},"end":{"line":26,"column":49}},"15":{"start":{"line":27,"column":11},"end":{"line":31,"column":5}},"16":{"start":{"line":28,"column":6},"end":{"line":28,"column":48}},"17":{"start":{"line":30,"column":6},"end":{"line":30,"column":37}},"18":{"start":{"line":34,"column":2},"end":{"line":34,"column":33}},"19":{"start":{"line":37,"column":0},"end":{"line":37,"column":31}}},"branchMap":{"1":{"line":11,"type":"if","locations":[{"start":{"line":11,"column":4},"end":{"line":11,"column":4}},{"start":{"line":11,"column":4},"end":{"line":11,"column":4}}]},"2":{"line":19,"type":"if","locations":[{"start":{"line":19,"column":4},"end":{"line":19,"column":4}},{"start":{"line":19,"column":4},"end":{"line":19,"column":4}}]},"3":{"line":25,"type":"if","locations":[{"start":{"line":25,"column":4},"end":{"line":25,"column":4}},{"start":{"line":25,"column":4},"end":{"line":25,"column":4}}]},"4":{"line":27,"type":"if","locations":[{"start":{"line":27,"column":11},"end":{"line":27,"column":11}},{"start":{"line":27,"column":11},"end":{"line":27,"column":11}}]}},"code":["\"use strict\";","","var _ = require(\"lodash\");","","var parseSettings = function (settings) {","  var settingsList = settings.split(\",\");","  var parseResult = {};","","  for (var i = 0; i < settingsList.length; i++) {","    var keyValue = settingsList[i].split(\"=\");","    if (keyValue.length !== 2) { // eslint-disable-line no-magic-numbers","      return {","        error: \"error: settings should have format <view_type>.<param>=<value>: \" +","          settingsList[i]","      };","    }","    var key = keyValue[0].trim();","    var value = keyValue[1].trim();","    if (!/^[\\w\\d\\[\\]_-]+(\\.[\\w\\d\\[\\]_-]+)+$/.test(key)) {","      return {","        error: \"error: invalid path '\" + key + \"' for setting: \" + settingsList[i]","      };","    }","","    if (/^\\d+(\\.\\d*)?$/.test(value)) {","      _.set(parseResult, key, parseFloat(value));","    } else if (/^(true|false)$/.test(value)) {","      _.set(parseResult, key, value === \"true\");","    } else {","      _.set(parseResult, key, value);","    }","  }","","  return { result: parseResult };","};","","module.exports = parseSettings;",""],"l":{"3":1,"5":1,"6":0,"7":0,"9":0,"10":0,"11":0,"12":0,"17":0,"18":0,"19":0,"20":0,"25":0,"26":0,"27":0,"28":0,"30":0,"34":0,"37":1}}}